07/14/2017 09:25:06 [program starts.]
07/14/2017 09:27:41 [Data loaded.]
07/14/2017 09:27:47 Epoch 1
07/14/2017 09:27:51 updates[     1] train loss[9.83226] remaining[2:31:13]
07/14/2017 09:28:13 updates[    21] train loss[9.33255] remaining[0:54:54]
07/14/2017 09:28:35 updates[    41] train loss[8.92570] remaining[0:51:58]
07/14/2017 09:28:58 updates[    61] train loss[8.61195] remaining[0:51:43]
07/14/2017 09:29:22 updates[    81] train loss[8.29216] remaining[0:51:41]
07/14/2017 09:29:46 updates[   101] train loss[8.05252] remaining[0:51:30]
07/14/2017 09:30:09 updates[   121] train loss[7.87522] remaining[0:50:55]
07/14/2017 09:30:32 updates[   141] train loss[7.67986] remaining[0:50:27]
07/14/2017 09:30:55 updates[   161] train loss[7.51761] remaining[0:49:55]
07/14/2017 09:31:17 updates[   181] train loss[7.37521] remaining[0:49:22]
07/14/2017 09:31:39 updates[   201] train loss[7.27611] remaining[0:48:47]
07/14/2017 09:32:02 updates[   221] train loss[7.14815] remaining[0:48:16]
07/14/2017 09:32:25 updates[   241] train loss[7.06318] remaining[0:47:58]
07/14/2017 09:32:49 updates[   261] train loss[6.97826] remaining[0:47:42]
07/14/2017 09:33:12 updates[   281] train loss[6.88990] remaining[0:47:20]
07/14/2017 09:33:37 updates[   301] train loss[6.80475] remaining[0:47:07]
07/14/2017 09:34:01 updates[   321] train loss[6.71855] remaining[0:46:49]
07/14/2017 09:34:24 updates[   341] train loss[6.64402] remaining[0:46:28]
07/14/2017 09:34:48 updates[   361] train loss[6.56786] remaining[0:46:10]
07/14/2017 09:35:13 updates[   381] train loss[6.49887] remaining[0:45:56]
07/14/2017 09:35:35 updates[   401] train loss[6.44810] remaining[0:45:26]
07/14/2017 09:35:58 updates[   421] train loss[6.40064] remaining[0:44:57]
07/14/2017 09:36:21 updates[   441] train loss[6.34299] remaining[0:44:34]
07/14/2017 09:36:46 updates[   461] train loss[6.28965] remaining[0:44:18]
07/14/2017 09:37:09 updates[   481] train loss[6.24455] remaining[0:43:55]
07/14/2017 09:37:33 updates[   501] train loss[6.19402] remaining[0:43:32]
07/14/2017 09:37:58 updates[   521] train loss[6.15463] remaining[0:43:16]
07/14/2017 09:38:21 updates[   541] train loss[6.11109] remaining[0:42:54]
07/14/2017 09:38:46 updates[   561] train loss[6.06974] remaining[0:42:33]
07/14/2017 09:39:08 updates[   581] train loss[6.02427] remaining[0:42:06]
07/14/2017 09:39:36 updates[   601] train loss[5.98904] remaining[0:42:00]
07/14/2017 09:39:59 updates[   621] train loss[5.94642] remaining[0:41:35]
07/14/2017 09:40:22 updates[   641] train loss[5.91622] remaining[0:41:09]
07/14/2017 09:40:48 updates[   661] train loss[5.88044] remaining[0:40:51]
07/14/2017 09:41:11 updates[   681] train loss[5.84380] remaining[0:40:27]
07/14/2017 09:41:34 updates[   701] train loss[5.81322] remaining[0:40:01]
07/14/2017 09:41:57 updates[   721] train loss[5.78304] remaining[0:39:36]
07/14/2017 09:42:20 updates[   741] train loss[5.75339] remaining[0:39:12]
07/14/2017 09:42:45 updates[   761] train loss[5.72778] remaining[0:38:50]
07/14/2017 09:43:08 updates[   781] train loss[5.69787] remaining[0:38:26]
07/14/2017 09:43:30 updates[   801] train loss[5.66833] remaining[0:37:58]
07/14/2017 09:43:52 updates[   821] train loss[5.64667] remaining[0:37:32]
07/14/2017 09:44:23 updates[   841] train loss[5.62400] remaining[0:37:25]
07/14/2017 09:44:47 updates[   861] train loss[5.59519] remaining[0:37:03]
07/14/2017 09:45:10 updates[   881] train loss[5.57536] remaining[0:36:38]
07/14/2017 09:45:34 updates[   901] train loss[5.55074] remaining[0:36:13]
07/14/2017 09:45:57 updates[   921] train loss[5.52613] remaining[0:35:49]
07/14/2017 09:46:19 updates[   941] train loss[5.50489] remaining[0:35:23]
07/14/2017 09:46:44 updates[   961] train loss[5.48116] remaining[0:35:02]
07/14/2017 09:47:08 updates[   981] train loss[5.45827] remaining[0:34:38]
07/14/2017 09:47:32 updates[  1001] train loss[5.43525] remaining[0:34:15]
07/14/2017 09:47:54 updates[  1021] train loss[5.41424] remaining[0:33:49]
07/14/2017 09:48:24 updates[  1041] train loss[5.39359] remaining[0:33:36]
07/14/2017 09:48:47 updates[  1061] train loss[5.37575] remaining[0:33:11]
07/14/2017 09:49:10 updates[  1081] train loss[5.35809] remaining[0:32:45]
07/14/2017 09:49:34 updates[  1101] train loss[5.34240] remaining[0:32:22]
07/14/2017 09:49:57 updates[  1121] train loss[5.32235] remaining[0:31:58]
07/14/2017 09:50:23 updates[  1141] train loss[5.30539] remaining[0:31:37]
07/14/2017 09:50:46 updates[  1161] train loss[5.28670] remaining[0:31:13]
07/14/2017 09:51:10 updates[  1181] train loss[5.26746] remaining[0:30:48]
07/14/2017 09:51:32 updates[  1201] train loss[5.25072] remaining[0:30:22]
07/14/2017 09:51:54 updates[  1221] train loss[5.23651] remaining[0:29:57]
07/14/2017 09:52:17 updates[  1241] train loss[5.22039] remaining[0:29:32]
07/14/2017 09:52:41 updates[  1261] train loss[5.20324] remaining[0:29:09]
07/14/2017 09:53:05 updates[  1281] train loss[5.18598] remaining[0:28:45]
07/14/2017 09:53:28 updates[  1301] train loss[5.17405] remaining[0:28:21]
07/14/2017 09:53:51 updates[  1321] train loss[5.15895] remaining[0:27:57]
07/14/2017 09:54:14 updates[  1341] train loss[5.14955] remaining[0:27:33]
07/14/2017 09:54:42 updates[  1361] train loss[5.13757] remaining[0:27:13]
07/14/2017 09:55:06 updates[  1381] train loss[5.12525] remaining[0:26:49]
07/14/2017 09:55:30 updates[  1401] train loss[5.11032] remaining[0:26:26]
07/14/2017 09:55:55 updates[  1421] train loss[5.09635] remaining[0:26:04]
07/14/2017 09:56:18 updates[  1441] train loss[5.08265] remaining[0:25:39]
07/14/2017 09:56:41 updates[  1461] train loss[5.06868] remaining[0:25:15]
07/14/2017 09:57:05 updates[  1481] train loss[5.05423] remaining[0:24:51]
07/14/2017 09:57:31 updates[  1501] train loss[5.04373] remaining[0:24:29]
07/14/2017 09:57:53 updates[  1521] train loss[5.02934] remaining[0:24:05]
07/14/2017 09:58:16 updates[  1541] train loss[5.01885] remaining[0:23:40]
07/14/2017 09:58:38 updates[  1561] train loss[5.00696] remaining[0:23:15]
07/14/2017 09:59:01 updates[  1581] train loss[4.99513] remaining[0:22:50]
07/14/2017 09:59:24 updates[  1601] train loss[4.98504] remaining[0:22:26]
07/14/2017 09:59:46 updates[  1621] train loss[4.97420] remaining[0:22:02]
07/14/2017 10:00:11 updates[  1641] train loss[4.96168] remaining[0:21:38]
07/14/2017 10:00:34 updates[  1661] train loss[4.95127] remaining[0:21:14]
07/14/2017 10:00:57 updates[  1681] train loss[4.94123] remaining[0:20:51]
07/14/2017 10:01:22 updates[  1701] train loss[4.93132] remaining[0:20:27]
07/14/2017 10:01:44 updates[  1721] train loss[4.92218] remaining[0:20:03]
07/14/2017 10:02:09 updates[  1741] train loss[4.90991] remaining[0:19:40]
07/14/2017 10:02:31 updates[  1761] train loss[4.89933] remaining[0:19:16]
07/14/2017 10:02:55 updates[  1781] train loss[4.89164] remaining[0:18:52]
07/14/2017 10:03:18 updates[  1801] train loss[4.88256] remaining[0:18:28]
07/14/2017 10:03:41 updates[  1821] train loss[4.87304] remaining[0:18:04]
07/14/2017 10:04:04 updates[  1841] train loss[4.86326] remaining[0:17:40]
07/14/2017 10:04:27 updates[  1861] train loss[4.85247] remaining[0:17:16]
07/14/2017 10:04:50 updates[  1881] train loss[4.84294] remaining[0:16:52]
07/14/2017 10:05:14 updates[  1901] train loss[4.83525] remaining[0:16:29]
07/14/2017 10:05:42 updates[  1921] train loss[4.82579] remaining[0:16:07]
07/14/2017 10:06:07 updates[  1941] train loss[4.81597] remaining[0:15:44]
07/14/2017 10:06:34 updates[  1961] train loss[4.80492] remaining[0:15:21]
07/14/2017 10:06:56 updates[  1981] train loss[4.79462] remaining[0:14:57]
07/14/2017 10:07:18 updates[  2001] train loss[4.78591] remaining[0:14:33]
07/14/2017 10:07:42 updates[  2021] train loss[4.77603] remaining[0:14:09]
07/14/2017 10:08:05 updates[  2041] train loss[4.77043] remaining[0:13:45]
07/14/2017 10:08:29 updates[  2061] train loss[4.76156] remaining[0:13:21]
07/14/2017 10:08:52 updates[  2081] train loss[4.75304] remaining[0:12:58]
07/14/2017 10:09:15 updates[  2101] train loss[4.74707] remaining[0:12:34]
07/14/2017 10:09:41 updates[  2121] train loss[4.73994] remaining[0:12:11]
07/14/2017 10:10:04 updates[  2141] train loss[4.73033] remaining[0:11:47]
07/14/2017 10:10:32 updates[  2161] train loss[4.72128] remaining[0:11:24]
07/14/2017 10:11:02 updates[  2181] train loss[4.71395] remaining[0:11:02]
07/14/2017 10:11:26 updates[  2201] train loss[4.70491] remaining[0:10:38]
07/14/2017 10:11:49 updates[  2221] train loss[4.69739] remaining[0:10:14]
07/14/2017 10:12:12 updates[  2241] train loss[4.68916] remaining[0:09:50]
07/14/2017 10:12:37 updates[  2261] train loss[4.68253] remaining[0:09:27]
07/14/2017 10:13:02 updates[  2281] train loss[4.67580] remaining[0:09:03]
07/14/2017 10:13:26 updates[  2301] train loss[4.66856] remaining[0:08:40]
07/14/2017 10:13:49 updates[  2321] train loss[4.66199] remaining[0:08:16]
07/14/2017 10:14:14 updates[  2341] train loss[4.65634] remaining[0:07:52]
07/14/2017 10:14:37 updates[  2361] train loss[4.64937] remaining[0:07:28]
07/14/2017 10:15:01 updates[  2381] train loss[4.64339] remaining[0:07:04]
07/14/2017 10:15:24 updates[  2401] train loss[4.63583] remaining[0:06:40]
07/14/2017 10:15:48 updates[  2421] train loss[4.63024] remaining[0:06:17]
07/14/2017 10:16:13 updates[  2441] train loss[4.62403] remaining[0:05:53]
07/14/2017 10:16:38 updates[  2461] train loss[4.61768] remaining[0:05:29]
07/14/2017 10:17:01 updates[  2481] train loss[4.60928] remaining[0:05:05]
07/14/2017 10:17:25 updates[  2501] train loss[4.60263] remaining[0:04:42]
07/14/2017 10:17:48 updates[  2521] train loss[4.59483] remaining[0:04:18]
07/14/2017 10:18:14 updates[  2541] train loss[4.58787] remaining[0:03:54]
07/14/2017 10:18:37 updates[  2561] train loss[4.58102] remaining[0:03:30]
07/14/2017 10:19:02 updates[  2581] train loss[4.57482] remaining[0:03:07]
07/14/2017 10:19:26 updates[  2601] train loss[4.56799] remaining[0:02:43]
07/14/2017 10:19:50 updates[  2621] train loss[4.56137] remaining[0:02:19]
07/14/2017 10:20:14 updates[  2641] train loss[4.55680] remaining[0:01:55]
07/14/2017 10:20:39 updates[  2661] train loss[4.54965] remaining[0:01:31]
07/14/2017 10:21:05 updates[  2681] train loss[4.54404] remaining[0:01:07]
07/14/2017 10:21:28 updates[  2701] train loss[4.53858] remaining[0:00:44]
07/14/2017 10:21:54 updates[  2721] train loss[4.53209] remaining[0:00:20]
07/14/2017 10:27:19 Epoch 1 - dev EM: 57.73888363292337 F1: 68.55413078837833
07/14/2017 10:32:42 [new best model saved.]
07/14/2017 10:32:42 Epoch 2
07/14/2017 10:32:44 updates[  2739] train loss[4.52577] remaining[1:08:07]
07/14/2017 10:33:08 updates[  2759] train loss[4.51988] remaining[0:55:56]
07/14/2017 10:33:31 updates[  2779] train loss[4.51194] remaining[0:53:32]
07/14/2017 10:33:55 updates[  2799] train loss[4.50542] remaining[0:53:13]
07/14/2017 10:34:18 updates[  2819] train loss[4.49930] remaining[0:52:14]
07/14/2017 10:34:42 updates[  2839] train loss[4.49344] remaining[0:52:21]
07/14/2017 10:35:06 updates[  2859] train loss[4.48780] remaining[0:51:59]
07/14/2017 10:35:30 updates[  2879] train loss[4.48194] remaining[0:51:30]
07/14/2017 10:35:53 updates[  2899] train loss[4.47593] remaining[0:50:53]
07/14/2017 10:36:16 updates[  2919] train loss[4.46963] remaining[0:50:19]
07/14/2017 10:36:40 updates[  2939] train loss[4.46405] remaining[0:50:00]
07/14/2017 10:37:03 updates[  2959] train loss[4.45931] remaining[0:49:35]
07/14/2017 10:37:26 updates[  2979] train loss[4.45353] remaining[0:49:06]
07/14/2017 10:37:58 updates[  2999] train loss[4.44653] remaining[0:50:00]
07/14/2017 10:38:22 updates[  3019] train loss[4.44077] remaining[0:49:30]
07/14/2017 10:38:45 updates[  3039] train loss[4.43517] remaining[0:48:55]
07/14/2017 10:39:07 updates[  3059] train loss[4.42962] remaining[0:48:17]
07/14/2017 10:39:30 updates[  3079] train loss[4.42513] remaining[0:47:48]
07/14/2017 10:39:52 updates[  3099] train loss[4.41985] remaining[0:47:12]
07/14/2017 10:40:16 updates[  3119] train loss[4.41569] remaining[0:46:45]
07/14/2017 10:40:39 updates[  3139] train loss[4.41081] remaining[0:46:19]
07/14/2017 10:41:03 updates[  3159] train loss[4.40431] remaining[0:45:58]
07/14/2017 10:41:28 updates[  3179] train loss[4.40012] remaining[0:45:37]
07/14/2017 10:41:54 updates[  3199] train loss[4.39494] remaining[0:45:23]
07/14/2017 10:42:16 updates[  3219] train loss[4.38992] remaining[0:44:54]
07/14/2017 10:42:39 updates[  3239] train loss[4.38409] remaining[0:44:26]
07/14/2017 10:43:06 updates[  3259] train loss[4.37912] remaining[0:44:16]
07/14/2017 10:43:36 updates[  3279] train loss[4.37296] remaining[0:44:16]
07/14/2017 10:44:05 updates[  3299] train loss[4.36727] remaining[0:44:11]
07/14/2017 10:44:34 updates[  3319] train loss[4.36344] remaining[0:44:02]
07/14/2017 10:45:04 updates[  3339] train loss[4.36001] remaining[0:43:58]
07/14/2017 10:45:33 updates[  3359] train loss[4.35436] remaining[0:43:47]
07/14/2017 10:46:04 updates[  3379] train loss[4.35057] remaining[0:43:43]
07/14/2017 10:46:33 updates[  3399] train loss[4.34602] remaining[0:43:31]
07/14/2017 10:47:02 updates[  3419] train loss[4.34249] remaining[0:43:18]
07/14/2017 10:47:31 updates[  3439] train loss[4.33629] remaining[0:43:01]
07/14/2017 10:48:00 updates[  3459] train loss[4.33097] remaining[0:42:46]
07/14/2017 10:48:29 updates[  3479] train loss[4.32598] remaining[0:42:30]
07/14/2017 10:48:58 updates[  3499] train loss[4.32154] remaining[0:42:15]
07/14/2017 10:49:27 updates[  3519] train loss[4.31617] remaining[0:41:57]
07/14/2017 10:49:57 updates[  3539] train loss[4.30987] remaining[0:41:42]
07/14/2017 10:50:28 updates[  3559] train loss[4.30510] remaining[0:41:29]
07/14/2017 10:51:06 updates[  3579] train loss[4.30129] remaining[0:41:30]
07/14/2017 10:51:35 updates[  3599] train loss[4.29550] remaining[0:41:09]
07/14/2017 10:52:05 updates[  3619] train loss[4.29273] remaining[0:40:50]
07/14/2017 10:52:33 updates[  3639] train loss[4.28897] remaining[0:40:27]
07/14/2017 10:53:00 updates[  3659] train loss[4.28357] remaining[0:40:01]
07/14/2017 10:53:27 updates[  3679] train loss[4.28013] remaining[0:39:37]
07/14/2017 10:54:05 updates[  3699] train loss[4.27618] remaining[0:39:31]
07/14/2017 10:54:45 updates[  3719] train loss[4.27252] remaining[0:39:28]
07/14/2017 10:55:21 updates[  3739] train loss[4.26890] remaining[0:39:17]
07/14/2017 10:55:50 updates[  3759] train loss[4.26524] remaining[0:38:53]
07/14/2017 10:56:20 updates[  3779] train loss[4.26157] remaining[0:38:31]
07/14/2017 10:56:52 updates[  3799] train loss[4.25788] remaining[0:38:10]
07/14/2017 10:57:23 updates[  3819] train loss[4.25409] remaining[0:37:50]
07/14/2017 10:58:01 updates[  3839] train loss[4.24949] remaining[0:37:38]
07/14/2017 10:58:30 updates[  3859] train loss[4.24586] remaining[0:37:13]
07/14/2017 10:59:02 updates[  3879] train loss[4.24231] remaining[0:36:50]
07/14/2017 10:59:32 updates[  3899] train loss[4.23880] remaining[0:36:26]
07/14/2017 11:00:06 updates[  3919] train loss[4.23498] remaining[0:36:06]
07/14/2017 11:00:37 updates[  3939] train loss[4.23182] remaining[0:35:43]
07/14/2017 11:01:06 updates[  3959] train loss[4.22849] remaining[0:35:16]
07/14/2017 11:01:36 updates[  3979] train loss[4.22403] remaining[0:34:51]
07/14/2017 11:02:03 updates[  3999] train loss[4.21982] remaining[0:34:22]
07/14/2017 11:02:32 updates[  4019] train loss[4.21617] remaining[0:33:55]
07/14/2017 11:03:03 updates[  4039] train loss[4.21203] remaining[0:33:31]
07/14/2017 11:03:31 updates[  4059] train loss[4.20818] remaining[0:33:03]
07/14/2017 11:04:00 updates[  4079] train loss[4.20460] remaining[0:32:36]
07/14/2017 11:04:31 updates[  4099] train loss[4.20014] remaining[0:32:11]
07/14/2017 11:05:00 updates[  4119] train loss[4.19684] remaining[0:31:43]
07/14/2017 11:05:30 updates[  4139] train loss[4.19386] remaining[0:31:17]
07/14/2017 11:06:00 updates[  4159] train loss[4.18973] remaining[0:30:52]
07/14/2017 11:06:30 updates[  4179] train loss[4.18659] remaining[0:30:25]
07/14/2017 11:06:59 updates[  4199] train loss[4.18445] remaining[0:29:58]
07/14/2017 11:07:30 updates[  4219] train loss[4.18092] remaining[0:29:31]
07/14/2017 11:08:02 updates[  4239] train loss[4.17733] remaining[0:29:06]
07/14/2017 11:08:30 updates[  4259] train loss[4.17453] remaining[0:28:38]
07/14/2017 11:08:59 updates[  4279] train loss[4.17187] remaining[0:28:10]
07/14/2017 11:09:27 updates[  4299] train loss[4.16865] remaining[0:27:42]
07/14/2017 11:09:58 updates[  4319] train loss[4.16540] remaining[0:27:16]
07/14/2017 11:10:29 updates[  4339] train loss[4.16171] remaining[0:26:49]
07/14/2017 11:10:59 updates[  4359] train loss[4.15748] remaining[0:26:22]
07/14/2017 11:11:28 updates[  4379] train loss[4.15359] remaining[0:25:54]
07/14/2017 11:12:00 updates[  4399] train loss[4.15012] remaining[0:25:28]
07/14/2017 11:12:30 updates[  4419] train loss[4.14634] remaining[0:25:01]
07/14/2017 11:13:00 updates[  4439] train loss[4.14231] remaining[0:24:33]
07/14/2017 11:13:31 updates[  4459] train loss[4.13878] remaining[0:24:06]
07/14/2017 11:14:02 updates[  4479] train loss[4.13619] remaining[0:23:39]
07/14/2017 11:14:32 updates[  4499] train loss[4.13257] remaining[0:23:12]
07/14/2017 11:15:02 updates[  4519] train loss[4.12872] remaining[0:22:44]
07/14/2017 11:15:31 updates[  4539] train loss[4.12567] remaining[0:22:16]
07/14/2017 11:15:59 updates[  4559] train loss[4.12265] remaining[0:21:47]
07/14/2017 11:16:29 updates[  4579] train loss[4.11862] remaining[0:21:20]
07/14/2017 11:17:04 updates[  4599] train loss[4.11503] remaining[0:20:54]
07/14/2017 11:17:33 updates[  4619] train loss[4.11209] remaining[0:20:25]
07/14/2017 11:18:01 updates[  4639] train loss[4.10962] remaining[0:19:57]
07/14/2017 11:18:30 updates[  4659] train loss[4.10598] remaining[0:19:28]
07/14/2017 11:18:58 updates[  4679] train loss[4.10265] remaining[0:18:59]
07/14/2017 11:19:27 updates[  4699] train loss[4.10065] remaining[0:18:31]
07/14/2017 11:19:57 updates[  4719] train loss[4.09764] remaining[0:18:03]
07/14/2017 11:20:25 updates[  4739] train loss[4.09503] remaining[0:17:34]
07/14/2017 11:20:54 updates[  4759] train loss[4.09190] remaining[0:17:05]
07/14/2017 11:21:25 updates[  4779] train loss[4.08928] remaining[0:16:38]
07/14/2017 11:21:54 updates[  4799] train loss[4.08585] remaining[0:16:09]
07/14/2017 11:22:22 updates[  4819] train loss[4.08247] remaining[0:15:40]
07/14/2017 11:22:54 updates[  4839] train loss[4.08040] remaining[0:15:13]
07/14/2017 11:23:23 updates[  4859] train loss[4.07728] remaining[0:14:44]
07/14/2017 11:23:52 updates[  4879] train loss[4.07489] remaining[0:14:16]
07/14/2017 11:24:22 updates[  4899] train loss[4.07223] remaining[0:13:47]
07/14/2017 11:24:51 updates[  4919] train loss[4.06884] remaining[0:13:19]
07/14/2017 11:25:19 updates[  4939] train loss[4.06583] remaining[0:12:50]
07/14/2017 11:25:51 updates[  4959] train loss[4.06238] remaining[0:12:22]
07/14/2017 11:26:26 updates[  4979] train loss[4.05841] remaining[0:11:54]
07/14/2017 11:26:56 updates[  4999] train loss[4.05532] remaining[0:11:26]
07/14/2017 11:27:25 updates[  5019] train loss[4.05292] remaining[0:10:57]
07/14/2017 11:27:55 updates[  5039] train loss[4.04953] remaining[0:10:29]
07/14/2017 11:28:26 updates[  5059] train loss[4.04653] remaining[0:10:00]
07/14/2017 11:28:56 updates[  5079] train loss[4.04352] remaining[0:09:32]
07/14/2017 11:29:25 updates[  5099] train loss[4.04036] remaining[0:09:03]
07/14/2017 11:29:54 updates[  5119] train loss[4.03853] remaining[0:08:34]
07/14/2017 11:30:22 updates[  5139] train loss[4.03518] remaining[0:08:05]
07/14/2017 11:30:51 updates[  5159] train loss[4.03262] remaining[0:07:36]
07/14/2017 11:31:21 updates[  5179] train loss[4.02999] remaining[0:07:08]
07/14/2017 11:31:49 updates[  5199] train loss[4.02703] remaining[0:06:39]
07/14/2017 11:32:17 updates[  5219] train loss[4.02512] remaining[0:06:10]
07/14/2017 11:32:47 updates[  5239] train loss[4.02171] remaining[0:05:41]
07/14/2017 11:33:14 updates[  5259] train loss[4.01950] remaining[0:05:12]
07/14/2017 11:33:45 updates[  5279] train loss[4.01722] remaining[0:04:43]
07/14/2017 11:34:15 updates[  5299] train loss[4.01458] remaining[0:04:15]
07/14/2017 11:34:49 updates[  5319] train loss[4.01157] remaining[0:03:46]
07/14/2017 11:35:20 updates[  5339] train loss[4.00945] remaining[0:03:17]
07/14/2017 11:35:50 updates[  5359] train loss[4.00684] remaining[0:02:49]
07/14/2017 11:36:21 updates[  5379] train loss[4.00299] remaining[0:02:20]
07/14/2017 11:36:50 updates[  5399] train loss[4.00064] remaining[0:01:51]
07/14/2017 11:37:18 updates[  5419] train loss[3.99775] remaining[0:01:22]
07/14/2017 11:37:46 updates[  5439] train loss[3.99540] remaining[0:00:53]
07/14/2017 11:38:17 updates[  5459] train loss[3.99290] remaining[0:00:24]
07/14/2017 11:45:44 Epoch 2 - dev EM: 62.49763481551561 F1: 72.85989596567627
07/14/2017 11:47:22 [new best model saved.]
07/14/2017 11:47:22 Epoch 3
07/14/2017 11:47:24 updates[  5477] train loss[3.99043] remaining[1:17:50]
07/14/2017 11:47:53 updates[  5497] train loss[3.98731] remaining[1:05:00]
07/14/2017 11:48:28 updates[  5517] train loss[3.98459] remaining[1:11:56]
07/14/2017 11:49:03 updates[  5537] train loss[3.98169] remaining[1:13:31]
07/14/2017 11:49:33 updates[  5557] train loss[3.97904] remaining[1:11:03]
07/14/2017 11:50:04 updates[  5577] train loss[3.97547] remaining[1:10:28]
07/14/2017 11:50:33 updates[  5597] train loss[3.97253] remaining[1:08:49]
07/14/2017 11:51:03 updates[  5617] train loss[3.97014] remaining[1:07:31]
07/14/2017 11:51:31 updates[  5637] train loss[3.96711] remaining[1:06:16]
07/14/2017 11:52:02 updates[  5657] train loss[3.96381] remaining[1:05:49]
07/14/2017 11:52:31 updates[  5677] train loss[3.96088] remaining[1:04:57]
07/14/2017 11:53:01 updates[  5697] train loss[3.95876] remaining[1:04:19]
07/14/2017 11:53:32 updates[  5717] train loss[3.95577] remaining[1:03:43]
07/14/2017 11:54:01 updates[  5737] train loss[3.95305] remaining[1:03:03]
07/14/2017 11:54:31 updates[  5757] train loss[3.95019] remaining[1:02:22]
07/14/2017 11:55:01 updates[  5777] train loss[3.94789] remaining[1:01:55]
07/14/2017 11:55:30 updates[  5797] train loss[3.94542] remaining[1:01:06]
07/14/2017 11:55:59 updates[  5817] train loss[3.94206] remaining[1:00:31]
07/14/2017 11:56:29 updates[  5837] train loss[3.93919] remaining[1:00:00]
07/14/2017 11:57:01 updates[  5857] train loss[3.93615] remaining[0:59:40]
07/14/2017 11:57:32 updates[  5877] train loss[3.93323] remaining[0:59:09]
07/14/2017 11:58:03 updates[  5897] train loss[3.93085] remaining[0:58:45]
07/14/2017 11:58:32 updates[  5917] train loss[3.92769] remaining[0:58:06]
07/14/2017 11:59:02 updates[  5937] train loss[3.92525] remaining[0:57:33]
07/14/2017 11:59:34 updates[  5957] train loss[3.92274] remaining[0:57:11]
07/14/2017 12:00:04 updates[  5977] train loss[3.91989] remaining[0:56:41]
07/14/2017 12:00:32 updates[  5997] train loss[3.91776] remaining[0:55:57]
07/14/2017 12:01:00 updates[  6017] train loss[3.91573] remaining[0:55:21]
07/14/2017 12:01:29 updates[  6037] train loss[3.91327] remaining[0:54:44]
07/14/2017 12:01:58 updates[  6057] train loss[3.91106] remaining[0:54:08]
07/14/2017 12:02:28 updates[  6077] train loss[3.90859] remaining[0:53:40]
07/14/2017 12:02:56 updates[  6097] train loss[3.90635] remaining[0:53:03]
07/14/2017 12:03:25 updates[  6117] train loss[3.90409] remaining[0:52:28]
07/14/2017 12:03:53 updates[  6137] train loss[3.90130] remaining[0:51:51]
07/14/2017 12:04:23 updates[  6157] train loss[3.89874] remaining[0:51:23]
07/14/2017 12:04:52 updates[  6177] train loss[3.89601] remaining[0:50:49]
07/14/2017 12:05:21 updates[  6197] train loss[3.89354] remaining[0:50:17]
07/14/2017 12:05:49 updates[  6217] train loss[3.89173] remaining[0:49:42]
07/14/2017 12:06:18 updates[  6237] train loss[3.88915] remaining[0:49:08]
07/14/2017 12:06:47 updates[  6257] train loss[3.88659] remaining[0:48:38]
07/14/2017 12:07:15 updates[  6277] train loss[3.88383] remaining[0:48:04]
07/14/2017 12:07:43 updates[  6297] train loss[3.88243] remaining[0:47:30]
07/14/2017 12:08:13 updates[  6317] train loss[3.88022] remaining[0:46:59]
07/14/2017 12:08:42 updates[  6337] train loss[3.87784] remaining[0:46:28]
07/14/2017 12:09:11 updates[  6357] train loss[3.87567] remaining[0:45:59]
07/14/2017 12:09:40 updates[  6377] train loss[3.87373] remaining[0:45:27]
07/14/2017 12:10:10 updates[  6397] train loss[3.87159] remaining[0:44:58]
07/14/2017 12:10:39 updates[  6417] train loss[3.86904] remaining[0:44:26]
07/14/2017 12:11:16 updates[  6437] train loss[3.86700] remaining[0:44:10]
07/14/2017 12:11:47 updates[  6457] train loss[3.86448] remaining[0:43:43]
07/14/2017 12:12:20 updates[  6477] train loss[3.86325] remaining[0:43:17]
07/14/2017 12:12:51 updates[  6497] train loss[3.86033] remaining[0:42:50]
07/14/2017 12:13:21 updates[  6517] train loss[3.85818] remaining[0:42:20]
07/14/2017 12:13:50 updates[  6537] train loss[3.85602] remaining[0:41:49]
07/14/2017 12:14:24 updates[  6557] train loss[3.85418] remaining[0:41:25]
07/14/2017 12:14:55 updates[  6577] train loss[3.85165] remaining[0:40:57]
07/14/2017 12:15:25 updates[  6597] train loss[3.84907] remaining[0:40:27]
07/14/2017 12:15:54 updates[  6617] train loss[3.84656] remaining[0:39:55]
07/14/2017 12:16:25 updates[  6637] train loss[3.84426] remaining[0:39:26]
07/14/2017 12:16:52 updates[  6657] train loss[3.84250] remaining[0:38:52]
07/14/2017 12:17:23 updates[  6677] train loss[3.84090] remaining[0:38:23]
07/14/2017 12:17:50 updates[  6697] train loss[3.83929] remaining[0:37:50]
07/14/2017 12:18:22 updates[  6717] train loss[3.83687] remaining[0:37:23]
07/14/2017 12:18:53 updates[  6737] train loss[3.83426] remaining[0:36:54]
07/14/2017 12:19:24 updates[  6757] train loss[3.83276] remaining[0:36:25]
07/14/2017 12:19:53 updates[  6777] train loss[3.83053] remaining[0:35:54]
07/14/2017 12:20:24 updates[  6797] train loss[3.82868] remaining[0:35:25]
07/14/2017 12:20:54 updates[  6817] train loss[3.82632] remaining[0:34:55]
07/14/2017 12:21:23 updates[  6837] train loss[3.82391] remaining[0:34:24]
07/14/2017 12:21:53 updates[  6857] train loss[3.82218] remaining[0:33:54]
07/14/2017 12:22:21 updates[  6877] train loss[3.82057] remaining[0:33:23]
07/14/2017 12:22:53 updates[  6897] train loss[3.81877] remaining[0:32:54]
07/14/2017 12:23:22 updates[  6917] train loss[3.81746] remaining[0:32:23]
07/14/2017 12:23:53 updates[  6937] train loss[3.81538] remaining[0:31:54]
07/14/2017 12:24:27 updates[  6957] train loss[3.81356] remaining[0:31:27]
07/14/2017 12:24:56 updates[  6977] train loss[3.81214] remaining[0:30:57]
07/14/2017 12:25:25 updates[  6997] train loss[3.81031] remaining[0:30:26]
07/14/2017 12:25:55 updates[  7017] train loss[3.80815] remaining[0:29:55]
07/14/2017 12:26:24 updates[  7037] train loss[3.80620] remaining[0:29:25]
07/14/2017 12:26:55 updates[  7057] train loss[3.80393] remaining[0:28:56]
07/14/2017 12:27:27 updates[  7077] train loss[3.80230] remaining[0:28:27]
07/14/2017 12:27:57 updates[  7097] train loss[3.80023] remaining[0:27:57]
07/14/2017 12:28:27 updates[  7117] train loss[3.79825] remaining[0:27:27]
07/14/2017 12:29:04 updates[  7137] train loss[3.79584] remaining[0:27:01]
07/14/2017 12:29:35 updates[  7157] train loss[3.79324] remaining[0:26:32]
07/14/2017 12:30:07 updates[  7177] train loss[3.79141] remaining[0:26:03]
07/14/2017 12:30:36 updates[  7197] train loss[3.78912] remaining[0:25:32]
07/14/2017 12:31:05 updates[  7217] train loss[3.78716] remaining[0:25:02]
07/14/2017 12:31:36 updates[  7237] train loss[3.78500] remaining[0:24:32]
07/14/2017 12:32:05 updates[  7257] train loss[3.78310] remaining[0:24:01]
07/14/2017 12:32:36 updates[  7277] train loss[3.78160] remaining[0:23:31]
07/14/2017 12:33:05 updates[  7297] train loss[3.77979] remaining[0:23:01]
07/14/2017 12:33:35 updates[  7317] train loss[3.77845] remaining[0:22:30]
07/14/2017 12:34:04 updates[  7337] train loss[3.77616] remaining[0:22:00]
07/14/2017 12:34:35 updates[  7357] train loss[3.77436] remaining[0:21:30]
07/14/2017 12:35:04 updates[  7377] train loss[3.77226] remaining[0:20:59]
07/14/2017 12:35:36 updates[  7397] train loss[3.77122] remaining[0:20:30]
07/14/2017 12:36:07 updates[  7417] train loss[3.76920] remaining[0:20:00]
07/14/2017 12:36:38 updates[  7437] train loss[3.76722] remaining[0:19:30]
07/14/2017 12:37:06 updates[  7457] train loss[3.76511] remaining[0:19:00]
07/14/2017 12:37:33 updates[  7477] train loss[3.76324] remaining[0:18:28]
07/14/2017 12:38:04 updates[  7497] train loss[3.76134] remaining[0:17:58]
07/14/2017 12:38:31 updates[  7517] train loss[3.75947] remaining[0:17:27]
07/14/2017 12:39:00 updates[  7537] train loss[3.75753] remaining[0:16:57]
07/14/2017 12:39:29 updates[  7557] train loss[3.75587] remaining[0:16:27]
07/14/2017 12:39:58 updates[  7577] train loss[3.75414] remaining[0:15:56]
07/14/2017 12:40:28 updates[  7597] train loss[3.75247] remaining[0:15:26]
07/14/2017 12:40:56 updates[  7617] train loss[3.75047] remaining[0:14:56]
07/14/2017 12:41:27 updates[  7637] train loss[3.74858] remaining[0:14:26]
07/14/2017 12:42:04 updates[  7657] train loss[3.74685] remaining[0:13:58]
07/14/2017 12:42:34 updates[  7677] train loss[3.74514] remaining[0:13:27]
07/14/2017 12:43:03 updates[  7697] train loss[3.74366] remaining[0:12:57]
07/14/2017 12:43:33 updates[  7717] train loss[3.74208] remaining[0:12:27]
07/14/2017 12:44:01 updates[  7737] train loss[3.73986] remaining[0:11:56]
07/14/2017 12:44:32 updates[  7757] train loss[3.73768] remaining[0:11:27]
07/14/2017 12:45:01 updates[  7777] train loss[3.73600] remaining[0:10:56]
07/14/2017 12:45:30 updates[  7797] train loss[3.73436] remaining[0:10:26]
07/14/2017 12:45:59 updates[  7817] train loss[3.73279] remaining[0:09:56]
07/14/2017 12:46:36 updates[  7837] train loss[3.73098] remaining[0:09:27]
07/14/2017 12:47:05 updates[  7857] train loss[3.72911] remaining[0:08:57]
07/14/2017 12:47:33 updates[  7877] train loss[3.72815] remaining[0:08:26]
07/14/2017 12:48:06 updates[  7897] train loss[3.72677] remaining[0:07:57]
07/14/2017 12:48:34 updates[  7917] train loss[3.72525] remaining[0:07:26]
07/14/2017 12:49:02 updates[  7937] train loss[3.72394] remaining[0:06:56]
07/14/2017 12:49:30 updates[  7957] train loss[3.72254] remaining[0:06:26]
07/14/2017 12:50:01 updates[  7977] train loss[3.72086] remaining[0:05:56]
07/14/2017 12:50:30 updates[  7997] train loss[3.71939] remaining[0:05:26]
07/14/2017 12:51:01 updates[  8017] train loss[3.71808] remaining[0:04:56]
07/14/2017 12:51:31 updates[  8037] train loss[3.71645] remaining[0:04:26]
07/14/2017 12:52:01 updates[  8057] train loss[3.71463] remaining[0:03:55]
07/14/2017 12:52:31 updates[  8077] train loss[3.71295] remaining[0:03:25]
07/14/2017 12:52:59 updates[  8097] train loss[3.71097] remaining[0:02:55]
07/14/2017 12:53:28 updates[  8117] train loss[3.70947] remaining[0:02:25]
07/14/2017 12:54:00 updates[  8137] train loss[3.70780] remaining[0:01:55]
07/14/2017 12:54:30 updates[  8157] train loss[3.70582] remaining[0:01:25]
07/14/2017 12:55:00 updates[  8177] train loss[3.70407] remaining[0:00:55]
07/14/2017 12:55:28 updates[  8197] train loss[3.70272] remaining[0:00:25]
07/14/2017 01:02:22 Epoch 3 - dev EM: 64.59791863765373 F1: 74.53602965642244
07/14/2017 01:04:03 [new best model saved.]
07/14/2017 01:04:03 Epoch 4
07/14/2017 01:04:05 updates[  8215] train loss[3.70122] remaining[1:16:17]
07/14/2017 01:04:34 updates[  8235] train loss[3.69891] remaining[1:06:07]
07/14/2017 01:05:03 updates[  8255] train loss[3.69698] remaining[1:04:58]
07/14/2017 01:05:32 updates[  8275] train loss[3.69513] remaining[1:04:40]
07/14/2017 01:06:02 updates[  8295] train loss[3.69326] remaining[1:04:39]
07/14/2017 01:06:30 updates[  8315] train loss[3.69190] remaining[1:03:36]
07/14/2017 01:06:58 updates[  8335] train loss[3.69019] remaining[1:02:40]
07/14/2017 01:07:25 updates[  8355] train loss[3.68778] remaining[1:01:45]
07/14/2017 01:07:53 updates[  8375] train loss[3.68581] remaining[1:01:17]
07/14/2017 01:08:22 updates[  8395] train loss[3.68365] remaining[1:00:47]
07/14/2017 01:08:49 updates[  8415] train loss[3.68213] remaining[1:00:07]
07/14/2017 01:09:19 updates[  8435] train loss[3.68041] remaining[0:59:48]
07/14/2017 01:09:47 updates[  8455] train loss[3.67851] remaining[0:59:19]
07/14/2017 01:10:16 updates[  8475] train loss[3.67676] remaining[0:58:53]
07/14/2017 01:10:44 updates[  8495] train loss[3.67432] remaining[0:58:19]
07/14/2017 01:11:15 updates[  8515] train loss[3.67297] remaining[0:58:10]
07/14/2017 01:11:48 updates[  8535] train loss[3.67171] remaining[0:58:14]
07/14/2017 01:12:17 updates[  8555] train loss[3.66964] remaining[0:57:50]
07/14/2017 01:12:48 updates[  8575] train loss[3.66769] remaining[0:57:33]
07/14/2017 01:13:18 updates[  8595] train loss[3.66623] remaining[0:57:10]
07/14/2017 01:13:48 updates[  8615] train loss[3.66392] remaining[0:56:45]
07/14/2017 01:14:17 updates[  8635] train loss[3.66244] remaining[0:56:16]
07/14/2017 01:14:57 updates[  8655] train loss[3.66062] remaining[0:56:40]
07/14/2017 01:15:26 updates[  8675] train loss[3.65898] remaining[0:56:12]
07/14/2017 01:15:57 updates[  8695] train loss[3.65714] remaining[0:55:45]
07/14/2017 01:16:33 updates[  8715] train loss[3.65516] remaining[0:55:46]
07/14/2017 01:17:04 updates[  8735] train loss[3.65345] remaining[0:55:22]
07/14/2017 01:17:42 updates[  8755] train loss[3.65142] remaining[0:55:22]
07/14/2017 01:18:11 updates[  8775] train loss[3.64976] remaining[0:54:48]
07/14/2017 01:18:40 updates[  8795] train loss[3.64774] remaining[0:54:12]
07/14/2017 01:19:11 updates[  8815] train loss[3.64568] remaining[0:53:45]
07/14/2017 01:19:41 updates[  8835] train loss[3.64413] remaining[0:53:15]
07/14/2017 01:20:10 updates[  8855] train loss[3.64232] remaining[0:52:41]
07/14/2017 01:20:40 updates[  8875] train loss[3.64104] remaining[0:52:09]
07/14/2017 01:21:09 updates[  8895] train loss[3.63965] remaining[0:51:36]
07/14/2017 01:21:38 updates[  8915] train loss[3.63805] remaining[0:51:02]
07/14/2017 01:22:14 updates[  8935] train loss[3.63639] remaining[0:50:49]
07/14/2017 01:22:43 updates[  8955] train loss[3.63450] remaining[0:50:15]
07/14/2017 01:23:12 updates[  8975] train loss[3.63295] remaining[0:49:44]
07/14/2017 01:23:41 updates[  8995] train loss[3.63108] remaining[0:49:11]
07/14/2017 01:24:12 updates[  9015] train loss[3.62935] remaining[0:48:41]
07/14/2017 01:24:41 updates[  9035] train loss[3.62755] remaining[0:48:09]
07/14/2017 01:25:11 updates[  9055] train loss[3.62613] remaining[0:47:37]
07/14/2017 01:25:39 updates[  9075] train loss[3.62468] remaining[0:47:03]
07/14/2017 01:26:08 updates[  9095] train loss[3.62332] remaining[0:46:31]
07/14/2017 01:26:37 updates[  9115] train loss[3.62180] remaining[0:45:59]
07/14/2017 01:27:07 updates[  9135] train loss[3.62025] remaining[0:45:28]
07/14/2017 01:27:37 updates[  9155] train loss[3.61865] remaining[0:44:58]
07/14/2017 01:28:07 updates[  9175] train loss[3.61722] remaining[0:44:29]
07/14/2017 01:28:38 updates[  9195] train loss[3.61584] remaining[0:44:00]
07/14/2017 01:29:07 updates[  9215] train loss[3.61447] remaining[0:43:28]
07/14/2017 01:29:34 updates[  9235] train loss[3.61294] remaining[0:42:54]
07/14/2017 01:30:06 updates[  9255] train loss[3.61160] remaining[0:42:27]
07/14/2017 01:30:34 updates[  9275] train loss[3.60977] remaining[0:41:53]
07/14/2017 01:31:05 updates[  9295] train loss[3.60818] remaining[0:41:24]
07/14/2017 01:31:34 updates[  9315] train loss[3.60641] remaining[0:40:53]
07/14/2017 01:32:07 updates[  9335] train loss[3.60563] remaining[0:40:27]
07/14/2017 01:32:36 updates[  9355] train loss[3.60416] remaining[0:39:56]
07/14/2017 01:33:06 updates[  9375] train loss[3.60268] remaining[0:39:26]
07/14/2017 01:33:36 updates[  9395] train loss[3.60102] remaining[0:38:56]
07/14/2017 01:34:05 updates[  9415] train loss[3.59954] remaining[0:38:25]
07/14/2017 01:34:34 updates[  9435] train loss[3.59816] remaining[0:37:54]
07/14/2017 01:35:03 updates[  9455] train loss[3.59642] remaining[0:37:22]
07/14/2017 01:35:31 updates[  9475] train loss[3.59498] remaining[0:36:51]
07/14/2017 01:36:01 updates[  9495] train loss[3.59361] remaining[0:36:20]
07/14/2017 01:36:29 updates[  9515] train loss[3.59217] remaining[0:35:48]
07/14/2017 01:36:58 updates[  9535] train loss[3.59031] remaining[0:35:17]
07/14/2017 01:37:27 updates[  9555] train loss[3.58863] remaining[0:34:46]
07/14/2017 01:37:59 updates[  9575] train loss[3.58754] remaining[0:34:18]
07/14/2017 01:38:29 updates[  9595] train loss[3.58653] remaining[0:33:49]
07/14/2017 01:39:03 updates[  9615] train loss[3.58527] remaining[0:33:23]
07/14/2017 01:39:35 updates[  9635] train loss[3.58416] remaining[0:32:55]
07/14/2017 01:40:12 updates[  9655] train loss[3.58299] remaining[0:32:31]
07/14/2017 01:40:40 updates[  9675] train loss[3.58175] remaining[0:31:59]
07/14/2017 01:41:10 updates[  9695] train loss[3.57987] remaining[0:31:29]
07/14/2017 01:41:39 updates[  9715] train loss[3.57850] remaining[0:30:58]
07/14/2017 01:42:09 updates[  9735] train loss[3.57747] remaining[0:30:28]
07/14/2017 01:42:38 updates[  9755] train loss[3.57626] remaining[0:29:57]
07/14/2017 01:43:08 updates[  9775] train loss[3.57454] remaining[0:29:27]
07/14/2017 01:43:37 updates[  9795] train loss[3.57324] remaining[0:28:56]
07/14/2017 01:44:06 updates[  9815] train loss[3.57172] remaining[0:28:26]
07/14/2017 01:44:37 updates[  9835] train loss[3.57041] remaining[0:27:56]
07/14/2017 01:45:06 updates[  9855] train loss[3.56844] remaining[0:27:26]
07/14/2017 01:45:37 updates[  9875] train loss[3.56693] remaining[0:26:56]
07/14/2017 01:46:06 updates[  9895] train loss[3.56580] remaining[0:26:25]
07/14/2017 01:46:35 updates[  9915] train loss[3.56456] remaining[0:25:55]
07/14/2017 01:47:05 updates[  9935] train loss[3.56353] remaining[0:25:25]
07/14/2017 01:47:34 updates[  9955] train loss[3.56235] remaining[0:24:54]
07/14/2017 01:48:02 updates[  9975] train loss[3.56126] remaining[0:24:23]
07/14/2017 01:48:31 updates[  9995] train loss[3.55977] remaining[0:23:53]
07/14/2017 01:48:59 updates[ 10015] train loss[3.55915] remaining[0:23:22]
07/14/2017 01:49:30 updates[ 10035] train loss[3.55752] remaining[0:22:52]
07/14/2017 01:49:58 updates[ 10055] train loss[3.55649] remaining[0:22:22]
07/14/2017 01:50:30 updates[ 10075] train loss[3.55535] remaining[0:21:53]
07/14/2017 01:51:01 updates[ 10095] train loss[3.55407] remaining[0:21:23]
07/14/2017 01:51:30 updates[ 10115] train loss[3.55276] remaining[0:20:53]
07/14/2017 01:52:00 updates[ 10135] train loss[3.55173] remaining[0:20:23]
07/14/2017 01:52:30 updates[ 10155] train loss[3.55057] remaining[0:19:53]
07/14/2017 01:52:59 updates[ 10175] train loss[3.54944] remaining[0:19:22]
07/14/2017 01:53:27 updates[ 10195] train loss[3.54835] remaining[0:18:52]
07/14/2017 01:53:57 updates[ 10215] train loss[3.54717] remaining[0:18:22]
07/14/2017 01:54:26 updates[ 10235] train loss[3.54587] remaining[0:17:52]
07/14/2017 01:54:55 updates[ 10255] train loss[3.54468] remaining[0:17:22]
07/14/2017 01:55:25 updates[ 10275] train loss[3.54344] remaining[0:16:52]
07/14/2017 01:55:58 updates[ 10295] train loss[3.54274] remaining[0:16:23]
07/14/2017 01:56:32 updates[ 10315] train loss[3.54144] remaining[0:15:54]
07/14/2017 01:57:03 updates[ 10335] train loss[3.53977] remaining[0:15:24]
07/14/2017 01:57:33 updates[ 10355] train loss[3.53835] remaining[0:14:54]
07/14/2017 01:58:04 updates[ 10375] train loss[3.53728] remaining[0:14:25]
07/14/2017 01:58:36 updates[ 10395] train loss[3.53606] remaining[0:13:55]
07/14/2017 01:59:05 updates[ 10415] train loss[3.53518] remaining[0:13:25]
07/14/2017 01:59:34 updates[ 10435] train loss[3.53424] remaining[0:12:55]
07/14/2017 02:00:06 updates[ 10455] train loss[3.53294] remaining[0:12:25]
07/14/2017 02:00:35 updates[ 10475] train loss[3.53167] remaining[0:11:55]
07/14/2017 02:01:04 updates[ 10495] train loss[3.53064] remaining[0:11:25]
07/14/2017 02:01:36 updates[ 10515] train loss[3.52956] remaining[0:10:55]
07/14/2017 02:02:05 updates[ 10535] train loss[3.52874] remaining[0:10:25]
07/14/2017 02:02:49 updates[ 10555] train loss[3.52727] remaining[0:09:57]
07/14/2017 02:03:20 updates[ 10575] train loss[3.52624] remaining[0:09:27]
07/14/2017 02:03:48 updates[ 10595] train loss[3.52502] remaining[0:08:57]
07/14/2017 02:04:20 updates[ 10615] train loss[3.52383] remaining[0:08:27]
07/14/2017 02:04:51 updates[ 10635] train loss[3.52261] remaining[0:07:57]
07/14/2017 02:05:20 updates[ 10655] train loss[3.52127] remaining[0:07:27]
07/14/2017 02:05:53 updates[ 10675] train loss[3.52022] remaining[0:06:57]
07/14/2017 02:06:24 updates[ 10695] train loss[3.51950] remaining[0:06:27]
07/14/2017 02:06:54 updates[ 10715] train loss[3.51777] remaining[0:05:57]
07/14/2017 02:07:21 updates[ 10735] train loss[3.51666] remaining[0:05:26]
07/14/2017 02:07:52 updates[ 10755] train loss[3.51528] remaining[0:04:56]
07/14/2017 02:08:22 updates[ 10775] train loss[3.51391] remaining[0:04:26]
07/14/2017 02:08:54 updates[ 10795] train loss[3.51278] remaining[0:03:56]
07/14/2017 02:09:25 updates[ 10815] train loss[3.51178] remaining[0:03:26]
07/14/2017 02:09:56 updates[ 10835] train loss[3.51061] remaining[0:02:56]
07/14/2017 02:10:25 updates[ 10855] train loss[3.50963] remaining[0:02:26]
07/14/2017 02:10:53 updates[ 10875] train loss[3.50855] remaining[0:01:56]
07/14/2017 02:11:22 updates[ 10895] train loss[3.50760] remaining[0:01:25]
07/14/2017 02:11:55 updates[ 10915] train loss[3.50628] remaining[0:00:55]
07/14/2017 02:12:35 updates[ 10935] train loss[3.50543] remaining[0:00:25]
07/14/2017 02:19:31 Epoch 4 - dev EM: 66.65089877010406 F1: 75.87484308575908
07/14/2017 02:21:21 [new best model saved.]
07/14/2017 02:21:21 Epoch 5
07/14/2017 02:21:22 updates[ 10953] train loss[3.50431] remaining[1:07:07]
07/14/2017 02:21:58 updates[ 10973] train loss[3.50307] remaining[1:20:23]
07/14/2017 02:22:26 updates[ 10993] train loss[3.50207] remaining[1:11:25]
07/14/2017 02:22:54 updates[ 11013] train loss[3.50073] remaining[1:08:05]
07/14/2017 02:23:25 updates[ 11033] train loss[3.49920] remaining[1:07:47]
07/14/2017 02:23:54 updates[ 11053] train loss[3.49819] remaining[1:06:47]
07/14/2017 02:24:25 updates[ 11073] train loss[3.49679] remaining[1:06:20]
07/14/2017 02:24:56 updates[ 11093] train loss[3.49513] remaining[1:05:54]
07/14/2017 02:25:24 updates[ 11113] train loss[3.49394] remaining[1:04:58]
07/14/2017 02:25:59 updates[ 11133] train loss[3.49232] remaining[1:05:30]
07/14/2017 02:26:32 updates[ 11153] train loss[3.49101] remaining[1:05:28]
07/14/2017 02:27:02 updates[ 11173] train loss[3.48993] remaining[1:04:39]
07/14/2017 02:27:33 updates[ 11193] train loss[3.48888] remaining[1:04:10]
07/14/2017 02:28:04 updates[ 11213] train loss[3.48750] remaining[1:03:42]
07/14/2017 02:28:35 updates[ 11233] train loss[3.48631] remaining[1:03:14]
07/14/2017 02:29:05 updates[ 11253] train loss[3.48498] remaining[1:02:36]
07/14/2017 02:29:36 updates[ 11273] train loss[3.48357] remaining[1:02:04]
07/14/2017 02:30:06 updates[ 11293] train loss[3.48254] remaining[1:01:31]
07/14/2017 02:30:38 updates[ 11313] train loss[3.48123] remaining[1:01:11]
07/14/2017 02:31:09 updates[ 11333] train loss[3.48007] remaining[1:00:37]
07/14/2017 02:31:37 updates[ 11353] train loss[3.47930] remaining[0:59:52]
07/14/2017 02:32:06 updates[ 11373] train loss[3.47807] remaining[0:59:08]
07/14/2017 02:32:42 updates[ 11393] train loss[3.47679] remaining[0:59:08]
07/14/2017 02:33:18 updates[ 11413] train loss[3.47524] remaining[0:59:03]
07/14/2017 02:33:46 updates[ 11433] train loss[3.47411] remaining[0:58:15]
07/14/2017 02:34:17 updates[ 11453] train loss[3.47278] remaining[0:57:46]
07/14/2017 02:34:48 updates[ 11473] train loss[3.47182] remaining[0:57:13]
07/14/2017 02:35:16 updates[ 11493] train loss[3.47030] remaining[0:56:29]
07/14/2017 02:35:44 updates[ 11513] train loss[3.46884] remaining[0:55:47]
07/14/2017 02:36:13 updates[ 11533] train loss[3.46735] remaining[0:55:10]
07/14/2017 02:36:41 updates[ 11553] train loss[3.46601] remaining[0:54:33]
07/14/2017 02:37:11 updates[ 11573] train loss[3.46460] remaining[0:53:58]
07/14/2017 02:37:40 updates[ 11593] train loss[3.46343] remaining[0:53:24]
07/14/2017 02:38:11 updates[ 11613] train loss[3.46254] remaining[0:52:53]
07/14/2017 02:38:40 updates[ 11633] train loss[3.46132] remaining[0:52:18]
07/14/2017 02:39:11 updates[ 11653] train loss[3.45977] remaining[0:51:49]
07/14/2017 02:39:39 updates[ 11673] train loss[3.45830] remaining[0:51:11]
07/14/2017 02:40:08 updates[ 11693] train loss[3.45679] remaining[0:50:38]
07/14/2017 02:40:38 updates[ 11713] train loss[3.45604] remaining[0:50:06]
07/14/2017 02:41:06 updates[ 11733] train loss[3.45459] remaining[0:49:30]
07/14/2017 02:41:37 updates[ 11753] train loss[3.45343] remaining[0:49:00]
07/14/2017 02:42:08 updates[ 11773] train loss[3.45234] remaining[0:48:32]
07/14/2017 02:42:41 updates[ 11793] train loss[3.45114] remaining[0:48:06]
07/14/2017 02:43:09 updates[ 11813] train loss[3.44960] remaining[0:47:32]
07/14/2017 02:43:40 updates[ 11833] train loss[3.44845] remaining[0:47:02]
07/14/2017 02:44:12 updates[ 11853] train loss[3.44717] remaining[0:46:35]
07/14/2017 02:44:41 updates[ 11873] train loss[3.44616] remaining[0:46:01]
07/14/2017 02:45:10 updates[ 11893] train loss[3.44535] remaining[0:45:28]
07/14/2017 02:45:40 updates[ 11913] train loss[3.44422] remaining[0:44:57]
07/14/2017 02:46:17 updates[ 11933] train loss[3.44279] remaining[0:44:38]
07/14/2017 02:46:58 updates[ 11953] train loss[3.44142] remaining[0:44:27]
07/14/2017 02:47:37 updates[ 11973] train loss[3.44040] remaining[0:44:10]
07/14/2017 02:48:12 updates[ 11993] train loss[3.43925] remaining[0:43:46]
07/14/2017 02:48:51 updates[ 12013] train loss[3.43826] remaining[0:43:27]
07/14/2017 02:49:31 updates[ 12033] train loss[3.43686] remaining[0:43:10]
07/14/2017 02:50:18 updates[ 12053] train loss[3.43561] remaining[0:43:02]
07/14/2017 02:50:53 updates[ 12073] train loss[3.43444] remaining[0:42:35]
07/14/2017 02:51:29 updates[ 12093] train loss[3.43327] remaining[0:42:10]
07/14/2017 02:52:08 updates[ 12113] train loss[3.43200] remaining[0:41:48]
07/14/2017 02:52:42 updates[ 12133] train loss[3.43086] remaining[0:41:19]
07/14/2017 02:53:18 updates[ 12153] train loss[3.42934] remaining[0:40:53]
07/14/2017 02:53:50 updates[ 12173] train loss[3.42804] remaining[0:40:21]
07/14/2017 02:54:19 updates[ 12193] train loss[3.42714] remaining[0:39:46]
07/14/2017 02:54:50 updates[ 12213] train loss[3.42638] remaining[0:39:12]
07/14/2017 02:55:19 updates[ 12233] train loss[3.42503] remaining[0:38:38]
