07/14/2017 09:24:17 [program starts.]
07/14/2017 09:27:40 [Data loaded.]
07/14/2017 09:27:46 Epoch 1
07/14/2017 09:27:50 updates[     1] train loss[9.78776] remaining[3:09:59]
07/14/2017 09:28:11 updates[    21] train loss[9.37142] remaining[0:54:41]
07/14/2017 09:28:32 updates[    41] train loss[8.99754] remaining[0:50:42]
07/14/2017 09:28:54 updates[    61] train loss[8.73090] remaining[0:50:03]
07/14/2017 09:29:17 updates[    81] train loss[8.40520] remaining[0:49:50]
07/14/2017 09:29:40 updates[   101] train loss[8.12764] remaining[0:49:29]
07/14/2017 09:30:01 updates[   121] train loss[7.93558] remaining[0:48:51]
07/14/2017 09:30:23 updates[   141] train loss[7.74930] remaining[0:48:21]
07/14/2017 09:30:45 updates[   161] train loss[7.59371] remaining[0:47:47]
07/14/2017 09:31:07 updates[   181] train loss[7.44284] remaining[0:47:13]
07/14/2017 09:31:28 updates[   201] train loss[7.33898] remaining[0:46:41]
07/14/2017 09:31:49 updates[   221] train loss[7.20441] remaining[0:46:12]
07/14/2017 09:32:12 updates[   241] train loss[7.11463] remaining[0:45:51]
07/14/2017 09:32:33 updates[   261] train loss[7.02949] remaining[0:45:20]
07/14/2017 09:32:57 updates[   281] train loss[6.94724] remaining[0:45:16]
07/14/2017 09:33:20 updates[   301] train loss[6.85908] remaining[0:45:02]
07/14/2017 09:33:43 updates[   321] train loss[6.77111] remaining[0:44:47]
07/14/2017 09:34:05 updates[   341] train loss[6.69510] remaining[0:44:23]
07/14/2017 09:34:28 updates[   361] train loss[6.61676] remaining[0:44:04]
07/14/2017 09:34:50 updates[   381] train loss[6.54849] remaining[0:43:42]
07/14/2017 09:35:13 updates[   401] train loss[6.49576] remaining[0:43:24]
07/14/2017 09:35:34 updates[   421] train loss[6.44633] remaining[0:42:57]
07/14/2017 09:35:57 updates[   441] train loss[6.39458] remaining[0:42:36]
07/14/2017 09:36:19 updates[   461] train loss[6.34211] remaining[0:42:14]
07/14/2017 09:36:43 updates[   481] train loss[6.30076] remaining[0:42:00]
07/14/2017 09:37:05 updates[   501] train loss[6.24879] remaining[0:41:37]
07/14/2017 09:37:29 updates[   521] train loss[6.20526] remaining[0:41:22]
07/14/2017 09:37:52 updates[   541] train loss[6.16391] remaining[0:41:02]
07/14/2017 09:38:16 updates[   561] train loss[6.11954] remaining[0:40:44]
07/14/2017 09:38:37 updates[   581] train loss[6.07047] remaining[0:40:17]
07/14/2017 09:38:58 updates[   601] train loss[6.03915] remaining[0:39:50]
07/14/2017 09:39:26 updates[   621] train loss[6.00262] remaining[0:39:47]
07/14/2017 09:39:48 updates[   641] train loss[5.97098] remaining[0:39:23]
07/14/2017 09:40:13 updates[   661] train loss[5.93518] remaining[0:39:05]
07/14/2017 09:40:35 updates[   681] train loss[5.89948] remaining[0:38:42]
07/14/2017 09:40:57 updates[   701] train loss[5.86809] remaining[0:38:17]
07/14/2017 09:41:18 updates[   721] train loss[5.83760] remaining[0:37:52]
07/14/2017 09:41:41 updates[   741] train loss[5.80901] remaining[0:37:30]
07/14/2017 09:42:04 updates[   761] train loss[5.78180] remaining[0:37:07]
07/14/2017 09:42:26 updates[   781] train loss[5.75316] remaining[0:36:44]
07/14/2017 09:42:48 updates[   801] train loss[5.72624] remaining[0:36:20]
07/14/2017 09:43:09 updates[   821] train loss[5.70300] remaining[0:35:55]
07/14/2017 09:43:33 updates[   841] train loss[5.67665] remaining[0:35:36]
07/14/2017 09:43:56 updates[   861] train loss[5.65260] remaining[0:35:15]
07/14/2017 09:44:24 updates[   881] train loss[5.63222] remaining[0:35:04]
07/14/2017 09:44:47 updates[   901] train loss[5.60886] remaining[0:34:41]
07/14/2017 09:45:08 updates[   921] train loss[5.58721] remaining[0:34:16]
07/14/2017 09:45:30 updates[   941] train loss[5.56636] remaining[0:33:51]
07/14/2017 09:45:53 updates[   961] train loss[5.54310] remaining[0:33:30]
07/14/2017 09:46:16 updates[   981] train loss[5.51991] remaining[0:33:07]
07/14/2017 09:46:40 updates[  1001] train loss[5.49962] remaining[0:32:48]
07/14/2017 09:47:02 updates[  1021] train loss[5.47937] remaining[0:32:24]
07/14/2017 09:47:25 updates[  1041] train loss[5.45871] remaining[0:32:01]
07/14/2017 09:47:46 updates[  1061] train loss[5.44068] remaining[0:31:37]
07/14/2017 09:48:15 updates[  1081] train loss[5.42217] remaining[0:31:23]
07/14/2017 09:48:37 updates[  1101] train loss[5.40687] remaining[0:31:00]
07/14/2017 09:49:00 updates[  1121] train loss[5.38739] remaining[0:30:37]
07/14/2017 09:49:24 updates[  1141] train loss[5.36990] remaining[0:30:16]
07/14/2017 09:49:46 updates[  1161] train loss[5.35176] remaining[0:29:53]
07/14/2017 09:50:09 updates[  1181] train loss[5.33297] remaining[0:29:30]
07/14/2017 09:50:31 updates[  1201] train loss[5.31688] remaining[0:29:07]
07/14/2017 09:50:53 updates[  1221] train loss[5.30096] remaining[0:28:43]
07/14/2017 09:51:15 updates[  1241] train loss[5.28310] remaining[0:28:19]
07/14/2017 09:51:37 updates[  1261] train loss[5.26708] remaining[0:27:56]
07/14/2017 09:51:59 updates[  1281] train loss[5.25226] remaining[0:27:32]
07/14/2017 09:52:22 updates[  1301] train loss[5.24325] remaining[0:27:10]
07/14/2017 09:52:44 updates[  1321] train loss[5.22848] remaining[0:26:47]
07/14/2017 09:53:07 updates[  1341] train loss[5.21912] remaining[0:26:24]
07/14/2017 09:53:29 updates[  1361] train loss[5.20785] remaining[0:26:01]
07/14/2017 09:53:51 updates[  1381] train loss[5.19606] remaining[0:25:37]
07/14/2017 09:54:12 updates[  1401] train loss[5.18216] remaining[0:25:13]
07/14/2017 09:54:41 updates[  1421] train loss[5.16788] remaining[0:24:56]
07/14/2017 09:55:04 updates[  1441] train loss[5.15469] remaining[0:24:34]
07/14/2017 09:55:27 updates[  1461] train loss[5.14142] remaining[0:24:11]
07/14/2017 09:55:50 updates[  1481] train loss[5.12853] remaining[0:23:48]
07/14/2017 09:56:14 updates[  1501] train loss[5.11663] remaining[0:23:27]
07/14/2017 09:56:36 updates[  1521] train loss[5.10435] remaining[0:23:03]
07/14/2017 09:56:57 updates[  1541] train loss[5.09425] remaining[0:22:40]
07/14/2017 09:57:20 updates[  1561] train loss[5.08170] remaining[0:22:17]
07/14/2017 09:57:42 updates[  1581] train loss[5.06921] remaining[0:21:54]
07/14/2017 09:58:04 updates[  1601] train loss[5.05930] remaining[0:21:31]
07/14/2017 09:58:26 updates[  1621] train loss[5.04984] remaining[0:21:07]
07/14/2017 09:58:48 updates[  1641] train loss[5.03707] remaining[0:20:45]
07/14/2017 09:59:10 updates[  1661] train loss[5.02858] remaining[0:20:21]
07/14/2017 09:59:33 updates[  1681] train loss[5.02099] remaining[0:19:59]
07/14/2017 09:59:56 updates[  1701] train loss[5.01243] remaining[0:19:36]
07/14/2017 10:00:18 updates[  1721] train loss[5.00360] remaining[0:19:13]
07/14/2017 10:00:41 updates[  1741] train loss[4.99196] remaining[0:18:50]
07/14/2017 10:01:02 updates[  1761] train loss[4.97976] remaining[0:18:27]
07/14/2017 10:01:25 updates[  1781] train loss[4.97149] remaining[0:18:05]
07/14/2017 10:01:48 updates[  1801] train loss[4.96218] remaining[0:17:42]
07/14/2017 10:02:10 updates[  1821] train loss[4.95275] remaining[0:17:19]
07/14/2017 10:02:32 updates[  1841] train loss[4.94327] remaining[0:16:56]
07/14/2017 10:02:53 updates[  1861] train loss[4.93334] remaining[0:16:33]
07/14/2017 10:03:16 updates[  1881] train loss[4.92373] remaining[0:16:10]
07/14/2017 10:03:38 updates[  1901] train loss[4.91581] remaining[0:15:47]
07/14/2017 10:04:02 updates[  1921] train loss[4.90483] remaining[0:15:25]
07/14/2017 10:04:23 updates[  1941] train loss[4.89395] remaining[0:15:02]
07/14/2017 10:04:45 updates[  1961] train loss[4.88312] remaining[0:14:39]
07/14/2017 10:05:06 updates[  1981] train loss[4.87347] remaining[0:14:16]
07/14/2017 10:05:27 updates[  2001] train loss[4.86510] remaining[0:13:52]
07/14/2017 10:05:57 updates[  2021] train loss[4.85567] remaining[0:13:32]
07/14/2017 10:06:20 updates[  2041] train loss[4.84969] remaining[0:13:10]
07/14/2017 10:06:46 updates[  2061] train loss[4.84138] remaining[0:12:48]
07/14/2017 10:07:08 updates[  2081] train loss[4.83257] remaining[0:12:25]
07/14/2017 10:07:31 updates[  2101] train loss[4.82588] remaining[0:12:03]
07/14/2017 10:07:55 updates[  2121] train loss[4.81827] remaining[0:11:40]
07/14/2017 10:08:18 updates[  2141] train loss[4.80909] remaining[0:11:18]
07/14/2017 10:08:40 updates[  2161] train loss[4.79961] remaining[0:10:55]
07/14/2017 10:09:02 updates[  2181] train loss[4.79250] remaining[0:10:32]
07/14/2017 10:09:25 updates[  2201] train loss[4.78204] remaining[0:10:09]
07/14/2017 10:09:47 updates[  2221] train loss[4.77470] remaining[0:09:46]
07/14/2017 10:10:09 updates[  2241] train loss[4.76566] remaining[0:09:23]
07/14/2017 10:10:36 updates[  2261] train loss[4.75909] remaining[0:09:02]
07/14/2017 10:11:05 updates[  2281] train loss[4.75305] remaining[0:08:40]
07/14/2017 10:11:29 updates[  2301] train loss[4.74540] remaining[0:08:18]
07/14/2017 10:11:52 updates[  2321] train loss[4.73785] remaining[0:07:55]
07/14/2017 10:12:15 updates[  2341] train loss[4.73090] remaining[0:07:32]
07/14/2017 10:12:39 updates[  2361] train loss[4.72376] remaining[0:07:10]
07/14/2017 10:13:02 updates[  2381] train loss[4.71685] remaining[0:06:47]
07/14/2017 10:13:24 updates[  2401] train loss[4.70959] remaining[0:06:24]
07/14/2017 10:13:48 updates[  2421] train loss[4.70348] remaining[0:06:01]
07/14/2017 10:14:11 updates[  2441] train loss[4.69746] remaining[0:05:38]
07/14/2017 10:14:34 updates[  2461] train loss[4.69079] remaining[0:05:16]
07/14/2017 10:14:56 updates[  2481] train loss[4.68319] remaining[0:04:53]
07/14/2017 10:15:19 updates[  2501] train loss[4.67541] remaining[0:04:30]
07/14/2017 10:15:41 updates[  2521] train loss[4.66870] remaining[0:04:07]
07/14/2017 10:16:05 updates[  2541] train loss[4.66219] remaining[0:03:44]
07/14/2017 10:16:29 updates[  2561] train loss[4.65468] remaining[0:03:22]
07/14/2017 10:16:51 updates[  2581] train loss[4.64782] remaining[0:02:59]
07/14/2017 10:17:14 updates[  2601] train loss[4.63996] remaining[0:02:36]
07/14/2017 10:17:36 updates[  2621] train loss[4.63238] remaining[0:02:13]
07/14/2017 10:17:59 updates[  2641] train loss[4.62815] remaining[0:01:50]
07/14/2017 10:18:23 updates[  2661] train loss[4.62147] remaining[0:01:27]
07/14/2017 10:18:46 updates[  2681] train loss[4.61553] remaining[0:01:05]
07/14/2017 10:19:10 updates[  2701] train loss[4.60991] remaining[0:00:42]
07/14/2017 10:19:33 updates[  2721] train loss[4.60318] remaining[0:00:19]
07/14/2017 10:24:49 Epoch 1 - dev EM: 56.57521286660359 F1: 68.01098659166503
07/14/2017 10:29:28 [new best model saved.]
07/14/2017 10:29:28 Epoch 2
07/14/2017 10:29:29 updates[  2739] train loss[4.59777] remaining[0:56:23]
07/14/2017 10:29:53 updates[  2759] train loss[4.59199] remaining[0:53:20]
07/14/2017 10:30:15 updates[  2779] train loss[4.58448] remaining[0:51:47]
07/14/2017 10:30:38 updates[  2799] train loss[4.57762] remaining[0:51:12]
07/14/2017 10:31:01 updates[  2819] train loss[4.57016] remaining[0:50:33]
07/14/2017 10:31:25 updates[  2839] train loss[4.56476] remaining[0:50:41]
07/14/2017 10:31:48 updates[  2859] train loss[4.55909] remaining[0:50:17]
07/14/2017 10:32:12 updates[  2879] train loss[4.55337] remaining[0:50:12]
07/14/2017 10:32:34 updates[  2899] train loss[4.54732] remaining[0:49:37]
07/14/2017 10:32:56 updates[  2919] train loss[4.54097] remaining[0:48:59]
07/14/2017 10:33:19 updates[  2939] train loss[4.53541] remaining[0:48:40]
07/14/2017 10:33:42 updates[  2959] train loss[4.53053] remaining[0:48:16]
07/14/2017 10:34:05 updates[  2979] train loss[4.52473] remaining[0:47:47]
07/14/2017 10:34:29 updates[  2999] train loss[4.51742] remaining[0:47:39]
07/14/2017 10:34:52 updates[  3019] train loss[4.51108] remaining[0:47:13]
07/14/2017 10:35:14 updates[  3039] train loss[4.50529] remaining[0:46:43]
07/14/2017 10:35:35 updates[  3059] train loss[4.49901] remaining[0:46:05]
07/14/2017 10:35:58 updates[  3079] train loss[4.49435] remaining[0:45:37]
07/14/2017 10:36:19 updates[  3099] train loss[4.48896] remaining[0:45:02]
07/14/2017 10:36:40 updates[  3119] train loss[4.48332] remaining[0:44:32]
07/14/2017 10:37:02 updates[  3139] train loss[4.47813] remaining[0:44:07]
07/14/2017 10:37:25 updates[  3159] train loss[4.47100] remaining[0:43:44]
07/14/2017 10:37:55 updates[  3179] train loss[4.46667] remaining[0:43:59]
07/14/2017 10:38:18 updates[  3199] train loss[4.46148] remaining[0:43:40]
07/14/2017 10:38:40 updates[  3219] train loss[4.45614] remaining[0:43:10]
07/14/2017 10:39:02 updates[  3239] train loss[4.45022] remaining[0:42:41]
07/14/2017 10:39:24 updates[  3259] train loss[4.44608] remaining[0:42:16]
07/14/2017 10:39:47 updates[  3279] train loss[4.44010] remaining[0:41:52]
07/14/2017 10:40:09 updates[  3299] train loss[4.43493] remaining[0:41:26]
07/14/2017 10:40:30 updates[  3319] train loss[4.43093] remaining[0:40:57]
07/14/2017 10:40:53 updates[  3339] train loss[4.42732] remaining[0:40:35]
07/14/2017 10:41:15 updates[  3359] train loss[4.42232] remaining[0:40:10]
07/14/2017 10:41:38 updates[  3379] train loss[4.41834] remaining[0:39:49]
07/14/2017 10:42:01 updates[  3399] train loss[4.41294] remaining[0:39:25]
07/14/2017 10:42:24 updates[  3419] train loss[4.40822] remaining[0:39:02]
07/14/2017 10:42:46 updates[  3439] train loss[4.40274] remaining[0:38:40]
07/14/2017 10:43:14 updates[  3459] train loss[4.39775] remaining[0:38:31]
07/14/2017 10:43:43 updates[  3479] train loss[4.39240] remaining[0:38:23]
07/14/2017 10:44:12 updates[  3499] train loss[4.38805] remaining[0:38:17]
07/14/2017 10:44:41 updates[  3519] train loss[4.38283] remaining[0:38:07]
07/14/2017 10:45:10 updates[  3539] train loss[4.37611] remaining[0:37:59]
07/14/2017 10:45:41 updates[  3559] train loss[4.37111] remaining[0:37:50]
07/14/2017 10:46:10 updates[  3579] train loss[4.36625] remaining[0:37:39]
07/14/2017 10:46:38 updates[  3599] train loss[4.35987] remaining[0:37:24]
07/14/2017 10:47:05 updates[  3619] train loss[4.35697] remaining[0:37:07]
07/14/2017 10:47:32 updates[  3639] train loss[4.35270] remaining[0:36:49]
07/14/2017 10:47:57 updates[  3659] train loss[4.34725] remaining[0:36:28]
07/14/2017 10:48:24 updates[  3679] train loss[4.34399] remaining[0:36:09]
07/14/2017 10:48:54 updates[  3699] train loss[4.33992] remaining[0:35:55]
07/14/2017 10:49:23 updates[  3719] train loss[4.33600] remaining[0:35:39]
07/14/2017 10:49:51 updates[  3739] train loss[4.33245] remaining[0:35:21]
07/14/2017 10:50:20 updates[  3759] train loss[4.32825] remaining[0:35:04]
07/14/2017 10:50:48 updates[  3779] train loss[4.32395] remaining[0:34:47]
07/14/2017 10:51:26 updates[  3799] train loss[4.32045] remaining[0:34:43]
07/14/2017 10:51:56 updates[  3819] train loss[4.31662] remaining[0:34:26]
07/14/2017 10:52:26 updates[  3839] train loss[4.31166] remaining[0:34:08]
07/14/2017 10:52:54 updates[  3859] train loss[4.30766] remaining[0:33:48]
07/14/2017 10:53:24 updates[  3879] train loss[4.30418] remaining[0:33:29]
07/14/2017 10:53:57 updates[  3899] train loss[4.30041] remaining[0:33:15]
07/14/2017 10:54:34 updates[  3919] train loss[4.29693] remaining[0:33:05]
07/14/2017 10:55:11 updates[  3939] train loss[4.29362] remaining[0:32:54]
07/14/2017 10:55:40 updates[  3959] train loss[4.28993] remaining[0:32:33]
07/14/2017 10:56:07 updates[  3979] train loss[4.28577] remaining[0:32:09]
07/14/2017 10:56:35 updates[  3999] train loss[4.28131] remaining[0:31:45]
07/14/2017 10:57:05 updates[  4019] train loss[4.27791] remaining[0:31:24]
07/14/2017 10:57:36 updates[  4039] train loss[4.27376] remaining[0:31:04]
07/14/2017 10:58:11 updates[  4059] train loss[4.26978] remaining[0:30:48]
07/14/2017 10:58:40 updates[  4079] train loss[4.26630] remaining[0:30:24]
07/14/2017 10:59:11 updates[  4099] train loss[4.26276] remaining[0:30:03]
07/14/2017 10:59:39 updates[  4119] train loss[4.25913] remaining[0:29:39]
07/14/2017 11:00:15 updates[  4139] train loss[4.25566] remaining[0:29:22]
07/14/2017 11:00:43 updates[  4159] train loss[4.25182] remaining[0:28:57]
07/14/2017 11:01:13 updates[  4179] train loss[4.24810] remaining[0:28:34]
07/14/2017 11:01:43 updates[  4199] train loss[4.24537] remaining[0:28:11]
07/14/2017 11:02:13 updates[  4219] train loss[4.24176] remaining[0:27:47]
07/14/2017 11:02:40 updates[  4239] train loss[4.23788] remaining[0:27:21]
07/14/2017 11:03:08 updates[  4259] train loss[4.23518] remaining[0:26:56]
07/14/2017 11:03:37 updates[  4279] train loss[4.23215] remaining[0:26:31]
07/14/2017 11:04:05 updates[  4299] train loss[4.22807] remaining[0:26:06]
07/14/2017 11:04:35 updates[  4319] train loss[4.22467] remaining[0:25:41]
07/14/2017 11:05:05 updates[  4339] train loss[4.22120] remaining[0:25:17]
07/14/2017 11:05:35 updates[  4359] train loss[4.21737] remaining[0:24:53]
07/14/2017 11:06:04 updates[  4379] train loss[4.21327] remaining[0:24:28]
07/14/2017 11:06:34 updates[  4399] train loss[4.20962] remaining[0:24:03]
07/14/2017 11:07:02 updates[  4419] train loss[4.20606] remaining[0:23:37]
07/14/2017 11:07:30 updates[  4439] train loss[4.20232] remaining[0:23:10]
07/14/2017 11:08:01 updates[  4459] train loss[4.19925] remaining[0:22:46]
07/14/2017 11:08:31 updates[  4479] train loss[4.19654] remaining[0:22:21]
07/14/2017 11:09:00 updates[  4499] train loss[4.19258] remaining[0:21:55]
07/14/2017 11:09:29 updates[  4519] train loss[4.18880] remaining[0:21:29]
07/14/2017 11:09:58 updates[  4539] train loss[4.18576] remaining[0:21:03]
07/14/2017 11:10:24 updates[  4559] train loss[4.18287] remaining[0:20:36]
07/14/2017 11:10:53 updates[  4579] train loss[4.17909] remaining[0:20:10]
07/14/2017 11:11:21 updates[  4599] train loss[4.17606] remaining[0:19:44]
07/14/2017 11:11:50 updates[  4619] train loss[4.17389] remaining[0:19:17]
07/14/2017 11:12:18 updates[  4639] train loss[4.17084] remaining[0:18:51]
07/14/2017 11:12:47 updates[  4659] train loss[4.16725] remaining[0:18:25]
07/14/2017 11:13:15 updates[  4679] train loss[4.16387] remaining[0:17:58]
07/14/2017 11:13:44 updates[  4699] train loss[4.16175] remaining[0:17:32]
07/14/2017 11:14:12 updates[  4719] train loss[4.15843] remaining[0:17:05]
07/14/2017 11:14:39 updates[  4739] train loss[4.15587] remaining[0:16:38]
07/14/2017 11:15:07 updates[  4759] train loss[4.15278] remaining[0:16:11]
07/14/2017 11:15:37 updates[  4779] train loss[4.14975] remaining[0:15:45]
07/14/2017 11:16:06 updates[  4799] train loss[4.14663] remaining[0:15:18]
07/14/2017 11:16:34 updates[  4819] train loss[4.14282] remaining[0:14:52]
07/14/2017 11:17:10 updates[  4839] train loss[4.14074] remaining[0:14:27]
07/14/2017 11:17:38 updates[  4859] train loss[4.13778] remaining[0:14:00]
07/14/2017 11:18:06 updates[  4879] train loss[4.13512] remaining[0:13:33]
07/14/2017 11:18:34 updates[  4899] train loss[4.13258] remaining[0:13:06]
07/14/2017 11:19:02 updates[  4919] train loss[4.12956] remaining[0:12:39]
07/14/2017 11:19:30 updates[  4939] train loss[4.12705] remaining[0:12:12]
07/14/2017 11:20:01 updates[  4959] train loss[4.12383] remaining[0:11:46]
07/14/2017 11:20:29 updates[  4979] train loss[4.12017] remaining[0:11:18]
07/14/2017 11:20:57 updates[  4999] train loss[4.11699] remaining[0:10:51]
07/14/2017 11:21:25 updates[  5019] train loss[4.11499] remaining[0:10:24]
07/14/2017 11:21:54 updates[  5039] train loss[4.11191] remaining[0:09:57]
07/14/2017 11:22:22 updates[  5059] train loss[4.10920] remaining[0:09:30]
07/14/2017 11:22:53 updates[  5079] train loss[4.10624] remaining[0:09:03]
07/14/2017 11:23:22 updates[  5099] train loss[4.10299] remaining[0:08:36]
07/14/2017 11:23:50 updates[  5119] train loss[4.10032] remaining[0:08:09]
07/14/2017 11:24:19 updates[  5139] train loss[4.09768] remaining[0:07:41]
07/14/2017 11:24:47 updates[  5159] train loss[4.09522] remaining[0:07:14]
07/14/2017 11:25:15 updates[  5179] train loss[4.09264] remaining[0:06:47]
07/14/2017 11:25:43 updates[  5199] train loss[4.08933] remaining[0:06:19]
07/14/2017 11:26:11 updates[  5219] train loss[4.08693] remaining[0:05:52]
07/14/2017 11:26:47 updates[  5239] train loss[4.08337] remaining[0:05:25]
07/14/2017 11:27:14 updates[  5259] train loss[4.08108] remaining[0:04:58]
07/14/2017 11:27:42 updates[  5279] train loss[4.07885] remaining[0:04:30]
07/14/2017 11:28:12 updates[  5299] train loss[4.07593] remaining[0:04:03]
07/14/2017 11:28:42 updates[  5319] train loss[4.07352] remaining[0:03:36]
07/14/2017 11:29:11 updates[  5339] train loss[4.07101] remaining[0:03:08]
07/14/2017 11:29:40 updates[  5359] train loss[4.06833] remaining[0:02:41]
07/14/2017 11:30:09 updates[  5379] train loss[4.06436] remaining[0:02:13]
07/14/2017 11:30:37 updates[  5399] train loss[4.06204] remaining[0:01:46]
07/14/2017 11:31:05 updates[  5419] train loss[4.05884] remaining[0:01:18]
07/14/2017 11:31:32 updates[  5439] train loss[4.05653] remaining[0:00:51]
07/14/2017 11:32:00 updates[  5459] train loss[4.05419] remaining[0:00:23]
07/14/2017 11:38:28 Epoch 2 - dev EM: 62.005676442762535 F1: 72.07129780384007
07/14/2017 11:40:32 [new best model saved.]
07/14/2017 11:40:32 Epoch 3
07/14/2017 11:40:34 updates[  5477] train loss[4.05174] remaining[1:15:39]
07/14/2017 11:41:03 updates[  5497] train loss[4.04872] remaining[1:05:17]
07/14/2017 11:41:33 updates[  5517] train loss[4.04550] remaining[1:05:50]
07/14/2017 11:42:02 updates[  5537] train loss[4.04243] remaining[1:05:24]
07/14/2017 11:42:37 updates[  5557] train loss[4.03964] remaining[1:07:49]
07/14/2017 11:43:12 updates[  5577] train loss[4.03621] remaining[1:09:30]
07/14/2017 11:43:45 updates[  5597] train loss[4.03336] remaining[1:09:23]
07/14/2017 11:44:15 updates[  5617] train loss[4.03109] remaining[1:08:15]
07/14/2017 11:44:45 updates[  5637] train loss[4.02845] remaining[1:07:18]
07/14/2017 11:45:16 updates[  5657] train loss[4.02492] remaining[1:06:42]
07/14/2017 11:45:45 updates[  5677] train loss[4.02166] remaining[1:05:47]
07/14/2017 11:46:19 updates[  5697] train loss[4.01937] remaining[1:05:48]
07/14/2017 11:46:51 updates[  5717] train loss[4.01635] remaining[1:05:18]
07/14/2017 11:47:20 updates[  5737] train loss[4.01347] remaining[1:04:30]
07/14/2017 11:47:49 updates[  5757] train loss[4.01062] remaining[1:03:32]
07/14/2017 11:48:24 updates[  5777] train loss[4.00810] remaining[1:03:37]
07/14/2017 11:48:58 updates[  5797] train loss[4.00541] remaining[1:03:29]
07/14/2017 11:49:27 updates[  5817] train loss[4.00241] remaining[1:02:36]
07/14/2017 11:49:58 updates[  5837] train loss[3.99944] remaining[1:02:02]
07/14/2017 11:50:26 updates[  5857] train loss[3.99636] remaining[1:01:12]
07/14/2017 11:50:54 updates[  5877] train loss[3.99330] remaining[1:00:23]
07/14/2017 11:51:24 updates[  5897] train loss[3.99064] remaining[0:59:47]
07/14/2017 11:51:52 updates[  5917] train loss[3.98760] remaining[0:58:56]
07/14/2017 11:52:20 updates[  5937] train loss[3.98498] remaining[0:58:14]
07/14/2017 11:52:49 updates[  5957] train loss[3.98240] remaining[0:57:35]
07/14/2017 11:53:18 updates[  5977] train loss[3.97995] remaining[0:56:58]
07/14/2017 11:53:45 updates[  5997] train loss[3.97804] remaining[0:56:10]
07/14/2017 11:54:13 updates[  6017] train loss[3.97610] remaining[0:55:30]
07/14/2017 11:54:40 updates[  6037] train loss[3.97361] remaining[0:54:50]
07/14/2017 11:55:09 updates[  6057] train loss[3.97174] remaining[0:54:13]
07/14/2017 11:55:38 updates[  6077] train loss[3.96947] remaining[0:53:38]
07/14/2017 11:56:05 updates[  6097] train loss[3.96686] remaining[0:53:00]
07/14/2017 11:56:33 updates[  6117] train loss[3.96438] remaining[0:52:23]
07/14/2017 11:57:03 updates[  6137] train loss[3.96161] remaining[0:51:53]
07/14/2017 11:57:34 updates[  6157] train loss[3.95883] remaining[0:51:23]
07/14/2017 11:58:02 updates[  6177] train loss[3.95590] remaining[0:50:48]
07/14/2017 11:58:31 updates[  6197] train loss[3.95335] remaining[0:50:17]
07/14/2017 11:58:58 updates[  6217] train loss[3.95139] remaining[0:49:40]
07/14/2017 11:59:26 updates[  6237] train loss[3.94909] remaining[0:49:05]
07/14/2017 11:59:58 updates[  6257] train loss[3.94660] remaining[0:48:39]
07/14/2017 12:00:25 updates[  6277] train loss[3.94350] remaining[0:48:04]
07/14/2017 12:00:53 updates[  6297] train loss[3.94152] remaining[0:47:29]
07/14/2017 12:01:23 updates[  6317] train loss[3.93946] remaining[0:46:59]
07/14/2017 12:01:51 updates[  6337] train loss[3.93672] remaining[0:46:27]
07/14/2017 12:02:20 updates[  6357] train loss[3.93458] remaining[0:45:55]
07/14/2017 12:02:47 updates[  6377] train loss[3.93240] remaining[0:45:21]
07/14/2017 12:03:17 updates[  6397] train loss[3.93055] remaining[0:44:51]
07/14/2017 12:03:46 updates[  6417] train loss[3.92780] remaining[0:44:20]
07/14/2017 12:04:15 updates[  6437] train loss[3.92559] remaining[0:43:49]
07/14/2017 12:04:44 updates[  6457] train loss[3.92308] remaining[0:43:19]
07/14/2017 12:05:13 updates[  6477] train loss[3.92191] remaining[0:42:48]
07/14/2017 12:05:42 updates[  6497] train loss[3.91920] remaining[0:42:18]
07/14/2017 12:06:10 updates[  6517] train loss[3.91668] remaining[0:41:47]
07/14/2017 12:06:38 updates[  6537] train loss[3.91440] remaining[0:41:13]
07/14/2017 12:07:07 updates[  6557] train loss[3.91220] remaining[0:40:43]
07/14/2017 12:07:35 updates[  6577] train loss[3.90992] remaining[0:40:11]
07/14/2017 12:08:04 updates[  6597] train loss[3.90710] remaining[0:39:41]
07/14/2017 12:08:31 updates[  6617] train loss[3.90464] remaining[0:39:08]
07/14/2017 12:09:01 updates[  6637] train loss[3.90229] remaining[0:38:40]
07/14/2017 12:09:28 updates[  6657] train loss[3.90059] remaining[0:38:07]
07/14/2017 12:09:57 updates[  6677] train loss[3.89911] remaining[0:37:37]
07/14/2017 12:10:24 updates[  6697] train loss[3.89738] remaining[0:37:05]
07/14/2017 12:10:52 updates[  6717] train loss[3.89501] remaining[0:36:34]
07/14/2017 12:11:28 updates[  6737] train loss[3.89254] remaining[0:36:13]
07/14/2017 12:11:59 updates[  6757] train loss[3.89081] remaining[0:35:45]
07/14/2017 12:12:28 updates[  6777] train loss[3.88877] remaining[0:35:15]
07/14/2017 12:12:58 updates[  6797] train loss[3.88649] remaining[0:34:46]
07/14/2017 12:13:26 updates[  6817] train loss[3.88435] remaining[0:34:16]
07/14/2017 12:13:56 updates[  6837] train loss[3.88232] remaining[0:33:46]
07/14/2017 12:14:27 updates[  6857] train loss[3.88040] remaining[0:33:19]
07/14/2017 12:14:56 updates[  6877] train loss[3.87883] remaining[0:32:48]
07/14/2017 12:15:26 updates[  6897] train loss[3.87703] remaining[0:32:20]
07/14/2017 12:15:53 updates[  6917] train loss[3.87612] remaining[0:31:48]
07/14/2017 12:16:23 updates[  6937] train loss[3.87389] remaining[0:31:19]
07/14/2017 12:16:52 updates[  6957] train loss[3.87189] remaining[0:30:49]
07/14/2017 12:17:21 updates[  6977] train loss[3.86997] remaining[0:30:19]
07/14/2017 12:17:48 updates[  6997] train loss[3.86774] remaining[0:29:48]
07/14/2017 12:18:20 updates[  7017] train loss[3.86599] remaining[0:29:20]
07/14/2017 12:18:48 updates[  7037] train loss[3.86385] remaining[0:28:50]
07/14/2017 12:19:17 updates[  7057] train loss[3.86180] remaining[0:28:21]
07/14/2017 12:19:47 updates[  7077] train loss[3.86005] remaining[0:27:52]
07/14/2017 12:20:17 updates[  7097] train loss[3.85766] remaining[0:27:22]
07/14/2017 12:20:45 updates[  7117] train loss[3.85550] remaining[0:26:52]
07/14/2017 12:21:13 updates[  7137] train loss[3.85310] remaining[0:26:22]
07/14/2017 12:21:41 updates[  7157] train loss[3.85013] remaining[0:25:52]
07/14/2017 12:22:11 updates[  7177] train loss[3.84831] remaining[0:25:23]
07/14/2017 12:22:40 updates[  7197] train loss[3.84618] remaining[0:24:53]
07/14/2017 12:23:11 updates[  7217] train loss[3.84399] remaining[0:24:25]
07/14/2017 12:23:40 updates[  7237] train loss[3.84195] remaining[0:23:55]
07/14/2017 12:24:12 updates[  7257] train loss[3.83983] remaining[0:23:27]
07/14/2017 12:24:41 updates[  7277] train loss[3.83808] remaining[0:22:58]
07/14/2017 12:25:10 updates[  7297] train loss[3.83647] remaining[0:22:28]
07/14/2017 12:25:39 updates[  7317] train loss[3.83516] remaining[0:21:58]
07/14/2017 12:26:06 updates[  7337] train loss[3.83281] remaining[0:21:28]
07/14/2017 12:26:35 updates[  7357] train loss[3.83131] remaining[0:20:58]
07/14/2017 12:27:03 updates[  7377] train loss[3.82960] remaining[0:20:28]
07/14/2017 12:27:36 updates[  7397] train loss[3.82871] remaining[0:20:00]
07/14/2017 12:28:05 updates[  7417] train loss[3.82633] remaining[0:19:31]
07/14/2017 12:28:35 updates[  7437] train loss[3.82418] remaining[0:19:02]
07/14/2017 12:29:11 updates[  7457] train loss[3.82224] remaining[0:18:35]
07/14/2017 12:29:41 updates[  7477] train loss[3.82013] remaining[0:18:05]
07/14/2017 12:30:11 updates[  7497] train loss[3.81821] remaining[0:17:36]
07/14/2017 12:30:38 updates[  7517] train loss[3.81575] remaining[0:17:06]
07/14/2017 12:31:05 updates[  7537] train loss[3.81360] remaining[0:16:36]
07/14/2017 12:31:33 updates[  7557] train loss[3.81175] remaining[0:16:06]
07/14/2017 12:32:01 updates[  7577] train loss[3.81014] remaining[0:15:36]
07/14/2017 12:32:32 updates[  7597] train loss[3.80860] remaining[0:15:07]
07/14/2017 12:33:00 updates[  7617] train loss[3.80668] remaining[0:14:37]
07/14/2017 12:33:29 updates[  7637] train loss[3.80463] remaining[0:14:08]
07/14/2017 12:33:57 updates[  7657] train loss[3.80289] remaining[0:13:38]
07/14/2017 12:34:27 updates[  7677] train loss[3.80089] remaining[0:13:09]
07/14/2017 12:34:56 updates[  7697] train loss[3.79898] remaining[0:12:39]
07/14/2017 12:35:27 updates[  7717] train loss[3.79722] remaining[0:12:10]
07/14/2017 12:35:55 updates[  7737] train loss[3.79510] remaining[0:11:40]
07/14/2017 12:36:24 updates[  7757] train loss[3.79330] remaining[0:11:11]
07/14/2017 12:36:52 updates[  7777] train loss[3.79164] remaining[0:10:41]
07/14/2017 12:37:19 updates[  7797] train loss[3.78999] remaining[0:10:12]
07/14/2017 12:37:48 updates[  7817] train loss[3.78807] remaining[0:09:42]
07/14/2017 12:38:15 updates[  7837] train loss[3.78623] remaining[0:09:12]
07/14/2017 12:38:44 updates[  7857] train loss[3.78425] remaining[0:08:43]
07/14/2017 12:39:12 updates[  7877] train loss[3.78307] remaining[0:08:13]
07/14/2017 12:39:42 updates[  7897] train loss[3.78161] remaining[0:07:44]
07/14/2017 12:40:09 updates[  7917] train loss[3.78002] remaining[0:07:15]
07/14/2017 12:40:35 updates[  7937] train loss[3.77866] remaining[0:06:45]
07/14/2017 12:41:02 updates[  7957] train loss[3.77773] remaining[0:06:15]
07/14/2017 12:41:35 updates[  7977] train loss[3.77602] remaining[0:05:47]
07/14/2017 12:42:06 updates[  7997] train loss[3.77423] remaining[0:05:17]
07/14/2017 12:42:35 updates[  8017] train loss[3.77288] remaining[0:04:48]
07/14/2017 12:43:05 updates[  8037] train loss[3.77122] remaining[0:04:19]
07/14/2017 12:43:33 updates[  8057] train loss[3.76950] remaining[0:03:49]
07/14/2017 12:44:02 updates[  8077] train loss[3.76779] remaining[0:03:20]
07/14/2017 12:44:30 updates[  8097] train loss[3.76606] remaining[0:02:51]
07/14/2017 12:44:58 updates[  8117] train loss[3.76449] remaining[0:02:21]
07/14/2017 12:45:26 updates[  8137] train loss[3.76284] remaining[0:01:52]
07/14/2017 12:45:53 updates[  8157] train loss[3.76110] remaining[0:01:23]
07/14/2017 12:46:28 updates[  8177] train loss[3.75937] remaining[0:00:54]
07/14/2017 12:46:56 updates[  8197] train loss[3.75782] remaining[0:00:24]
07/14/2017 12:53:21 Epoch 3 - dev EM: 64.5600756859035 F1: 74.39401882048082
07/14/2017 12:54:58 [new best model saved.]
07/14/2017 12:54:58 Epoch 4
07/14/2017 12:55:00 updates[  8215] train loss[3.75632] remaining[1:12:55]
07/14/2017 12:55:27 updates[  8235] train loss[3.75414] remaining[1:03:02]
07/14/2017 12:55:55 updates[  8255] train loss[3.75205] remaining[1:02:02]
07/14/2017 12:56:32 updates[  8275] train loss[3.75005] remaining[1:08:20]
07/14/2017 12:57:02 updates[  8295] train loss[3.74852] remaining[1:07:23]
07/14/2017 12:57:30 updates[  8315] train loss[3.74716] remaining[1:06:09]
07/14/2017 12:57:58 updates[  8335] train loss[3.74546] remaining[1:04:53]
07/14/2017 12:58:29 updates[  8355] train loss[3.74327] remaining[1:04:50]
07/14/2017 12:58:58 updates[  8375] train loss[3.74126] remaining[1:04:02]
07/14/2017 12:59:28 updates[  8395] train loss[3.73923] remaining[1:03:25]
07/14/2017 12:59:56 updates[  8415] train loss[3.73797] remaining[1:02:36]
07/14/2017 01:00:24 updates[  8435] train loss[3.73614] remaining[1:01:48]
07/14/2017 01:00:54 updates[  8455] train loss[3.73418] remaining[1:01:29]
07/14/2017 01:01:24 updates[  8475] train loss[3.73228] remaining[1:01:00]
07/14/2017 01:01:51 updates[  8495] train loss[3.73010] remaining[1:00:11]
07/14/2017 01:02:21 updates[  8515] train loss[3.72887] remaining[0:59:41]
07/14/2017 01:02:51 updates[  8535] train loss[3.72757] remaining[0:59:20]
07/14/2017 01:03:22 updates[  8555] train loss[3.72563] remaining[0:59:01]
07/14/2017 01:03:55 updates[  8575] train loss[3.72400] remaining[0:58:54]
07/14/2017 01:04:24 updates[  8595] train loss[3.72233] remaining[0:58:20]
07/14/2017 01:04:53 updates[  8615] train loss[3.72003] remaining[0:57:44]
07/14/2017 01:05:21 updates[  8635] train loss[3.71822] remaining[0:57:05]
07/14/2017 01:05:50 updates[  8655] train loss[3.71654] remaining[0:56:33]
07/14/2017 01:06:17 updates[  8675] train loss[3.71500] remaining[0:55:53]
07/14/2017 01:06:45 updates[  8695] train loss[3.71326] remaining[0:55:16]
07/14/2017 01:07:12 updates[  8715] train loss[3.71124] remaining[0:54:34]
07/14/2017 01:07:40 updates[  8735] train loss[3.70960] remaining[0:54:02]
07/14/2017 01:08:10 updates[  8755] train loss[3.70752] remaining[0:53:36]
07/14/2017 01:08:38 updates[  8775] train loss[3.70589] remaining[0:53:00]
07/14/2017 01:09:05 updates[  8795] train loss[3.70390] remaining[0:52:24]
07/14/2017 01:09:34 updates[  8815] train loss[3.70206] remaining[0:51:55]
07/14/2017 01:10:03 updates[  8835] train loss[3.70044] remaining[0:51:23]
07/14/2017 01:10:29 updates[  8855] train loss[3.69875] remaining[0:50:45]
07/14/2017 01:10:58 updates[  8875] train loss[3.69723] remaining[0:50:17]
07/14/2017 01:11:29 updates[  8895] train loss[3.69583] remaining[0:49:51]
07/14/2017 01:11:59 updates[  8915] train loss[3.69429] remaining[0:49:24]
07/14/2017 01:12:28 updates[  8935] train loss[3.69254] remaining[0:48:55]
07/14/2017 01:12:56 updates[  8955] train loss[3.69059] remaining[0:48:25]
07/14/2017 01:13:26 updates[  8975] train loss[3.68908] remaining[0:47:57]
07/14/2017 01:13:54 updates[  8995] train loss[3.68729] remaining[0:47:26]
07/14/2017 01:14:24 updates[  9015] train loss[3.68567] remaining[0:46:58]
07/14/2017 01:15:01 updates[  9035] train loss[3.68394] remaining[0:46:47]
07/14/2017 01:15:30 updates[  9055] train loss[3.68275] remaining[0:46:19]
07/14/2017 01:16:00 updates[  9075] train loss[3.68100] remaining[0:45:49]
07/14/2017 01:16:36 updates[  9095] train loss[3.67949] remaining[0:45:35]
07/14/2017 01:17:05 updates[  9115] train loss[3.67811] remaining[0:45:05]
07/14/2017 01:17:40 updates[  9135] train loss[3.67632] remaining[0:44:46]
07/14/2017 01:18:10 updates[  9155] train loss[3.67501] remaining[0:44:17]
07/14/2017 01:18:37 updates[  9175] train loss[3.67334] remaining[0:43:43]
07/14/2017 01:19:08 updates[  9195] train loss[3.67171] remaining[0:43:15]
07/14/2017 01:19:37 updates[  9215] train loss[3.67023] remaining[0:42:45]
07/14/2017 01:20:04 updates[  9235] train loss[3.66851] remaining[0:42:12]
07/14/2017 01:20:36 updates[  9255] train loss[3.66700] remaining[0:41:46]
07/14/2017 01:21:04 updates[  9275] train loss[3.66523] remaining[0:41:14]
07/14/2017 01:21:33 updates[  9295] train loss[3.66345] remaining[0:40:45]
07/14/2017 01:22:01 updates[  9315] train loss[3.66160] remaining[0:40:12]
07/14/2017 01:22:35 updates[  9335] train loss[3.66076] remaining[0:39:49]
07/14/2017 01:23:04 updates[  9355] train loss[3.65903] remaining[0:39:19]
07/14/2017 01:23:31 updates[  9375] train loss[3.65750] remaining[0:38:45]
07/14/2017 01:24:02 updates[  9395] train loss[3.65584] remaining[0:38:18]
07/14/2017 01:24:31 updates[  9415] train loss[3.65437] remaining[0:37:48]
07/14/2017 01:24:58 updates[  9435] train loss[3.65297] remaining[0:37:16]
07/14/2017 01:25:26 updates[  9455] train loss[3.65107] remaining[0:36:45]
07/14/2017 01:25:54 updates[  9475] train loss[3.64958] remaining[0:36:13]
07/14/2017 01:26:23 updates[  9495] train loss[3.64838] remaining[0:35:43]
07/14/2017 01:26:51 updates[  9515] train loss[3.64689] remaining[0:35:12]
07/14/2017 01:27:20 updates[  9535] train loss[3.64528] remaining[0:34:42]
07/14/2017 01:27:48 updates[  9555] train loss[3.64356] remaining[0:34:12]
07/14/2017 01:28:18 updates[  9575] train loss[3.64249] remaining[0:33:42]
07/14/2017 01:28:48 updates[  9595] train loss[3.64121] remaining[0:33:14]
07/14/2017 01:29:16 updates[  9615] train loss[3.64009] remaining[0:32:43]
07/14/2017 01:29:44 updates[  9635] train loss[3.63895] remaining[0:32:13]
07/14/2017 01:30:14 updates[  9655] train loss[3.63761] remaining[0:31:44]
07/14/2017 01:30:41 updates[  9675] train loss[3.63629] remaining[0:31:12]
07/14/2017 01:31:10 updates[  9695] train loss[3.63432] remaining[0:30:42]
07/14/2017 01:31:38 updates[  9715] train loss[3.63286] remaining[0:30:12]
07/14/2017 01:32:09 updates[  9735] train loss[3.63203] remaining[0:29:45]
07/14/2017 01:32:37 updates[  9755] train loss[3.63078] remaining[0:29:14]
07/14/2017 01:33:07 updates[  9775] train loss[3.62899] remaining[0:28:46]
07/14/2017 01:33:35 updates[  9795] train loss[3.62765] remaining[0:28:15]
07/14/2017 01:34:03 updates[  9815] train loss[3.62635] remaining[0:27:45]
07/14/2017 01:34:33 updates[  9835] train loss[3.62507] remaining[0:27:16]
07/14/2017 01:35:00 updates[  9855] train loss[3.62297] remaining[0:26:45]
07/14/2017 01:35:28 updates[  9875] train loss[3.62151] remaining[0:26:15]
07/14/2017 01:35:56 updates[  9895] train loss[3.62034] remaining[0:25:45]
07/14/2017 01:36:24 updates[  9915] train loss[3.61899] remaining[0:25:15]
07/14/2017 01:36:53 updates[  9935] train loss[3.61781] remaining[0:24:45]
07/14/2017 01:37:20 updates[  9955] train loss[3.61641] remaining[0:24:15]
07/14/2017 01:37:51 updates[  9975] train loss[3.61522] remaining[0:23:47]
07/14/2017 01:38:20 updates[  9995] train loss[3.61370] remaining[0:23:17]
07/14/2017 01:38:50 updates[ 10015] train loss[3.61291] remaining[0:22:49]
07/14/2017 01:39:23 updates[ 10035] train loss[3.61125] remaining[0:22:22]
07/14/2017 01:39:54 updates[ 10055] train loss[3.61004] remaining[0:21:53]
07/14/2017 01:40:27 updates[ 10075] train loss[3.60868] remaining[0:21:26]
07/14/2017 01:40:58 updates[ 10095] train loss[3.60732] remaining[0:20:57]
07/14/2017 01:41:26 updates[ 10115] train loss[3.60603] remaining[0:20:27]
07/14/2017 01:41:56 updates[ 10135] train loss[3.60479] remaining[0:19:58]
07/14/2017 01:42:24 updates[ 10155] train loss[3.60352] remaining[0:19:28]
07/14/2017 01:42:53 updates[ 10175] train loss[3.60234] remaining[0:18:58]
07/14/2017 01:43:21 updates[ 10195] train loss[3.60135] remaining[0:18:29]
07/14/2017 01:43:50 updates[ 10215] train loss[3.60002] remaining[0:17:59]
07/14/2017 01:44:18 updates[ 10235] train loss[3.59873] remaining[0:17:30]
07/14/2017 01:44:47 updates[ 10255] train loss[3.59741] remaining[0:17:00]
07/14/2017 01:45:16 updates[ 10275] train loss[3.59610] remaining[0:16:31]
07/14/2017 01:45:46 updates[ 10295] train loss[3.59542] remaining[0:16:02]
07/14/2017 01:46:15 updates[ 10315] train loss[3.59408] remaining[0:15:32]
07/14/2017 01:46:43 updates[ 10335] train loss[3.59223] remaining[0:15:03]
07/14/2017 01:47:12 updates[ 10355] train loss[3.59072] remaining[0:14:33]
07/14/2017 01:47:40 updates[ 10375] train loss[3.58972] remaining[0:14:04]
07/14/2017 01:48:09 updates[ 10395] train loss[3.58853] remaining[0:13:34]
07/14/2017 01:48:37 updates[ 10415] train loss[3.58751] remaining[0:13:05]
07/14/2017 01:49:05 updates[ 10435] train loss[3.58646] remaining[0:12:35]
07/14/2017 01:49:37 updates[ 10455] train loss[3.58517] remaining[0:12:07]
07/14/2017 01:50:06 updates[ 10475] train loss[3.58376] remaining[0:11:37]
07/14/2017 01:50:33 updates[ 10495] train loss[3.58281] remaining[0:11:08]
07/14/2017 01:51:03 updates[ 10515] train loss[3.58173] remaining[0:10:39]
07/14/2017 01:51:31 updates[ 10535] train loss[3.58090] remaining[0:10:09]
07/14/2017 01:52:00 updates[ 10555] train loss[3.57955] remaining[0:09:40]
07/14/2017 01:52:29 updates[ 10575] train loss[3.57872] remaining[0:09:11]
07/14/2017 01:52:57 updates[ 10595] train loss[3.57727] remaining[0:08:41]
07/14/2017 01:53:26 updates[ 10615] train loss[3.57614] remaining[0:08:12]
07/14/2017 01:53:53 updates[ 10635] train loss[3.57509] remaining[0:07:42]
07/14/2017 01:54:22 updates[ 10655] train loss[3.57382] remaining[0:07:13]
07/14/2017 01:54:51 updates[ 10675] train loss[3.57265] remaining[0:06:44]
07/14/2017 01:55:20 updates[ 10695] train loss[3.57180] remaining[0:06:15]
07/14/2017 01:55:48 updates[ 10715] train loss[3.57021] remaining[0:05:45]
07/14/2017 01:56:20 updates[ 10735] train loss[3.56901] remaining[0:05:16]
07/14/2017 01:56:52 updates[ 10755] train loss[3.56783] remaining[0:04:47]
07/14/2017 01:57:22 updates[ 10775] train loss[3.56632] remaining[0:04:18]
07/14/2017 01:57:51 updates[ 10795] train loss[3.56526] remaining[0:03:49]
07/14/2017 01:58:20 updates[ 10815] train loss[3.56415] remaining[0:03:20]
07/14/2017 01:58:49 updates[ 10835] train loss[3.56277] remaining[0:02:50]
07/14/2017 01:59:17 updates[ 10855] train loss[3.56187] remaining[0:02:21]
07/14/2017 01:59:44 updates[ 10875] train loss[3.56084] remaining[0:01:52]
07/14/2017 02:00:12 updates[ 10895] train loss[3.55975] remaining[0:01:23]
07/14/2017 02:00:42 updates[ 10915] train loss[3.55843] remaining[0:00:54]
07/14/2017 02:01:11 updates[ 10935] train loss[3.55775] remaining[0:00:24]
07/14/2017 02:08:00 Epoch 4 - dev EM: 66.53736991485336 F1: 75.54132213651505
07/14/2017 02:09:36 [new best model saved.]
07/14/2017 02:09:36 Epoch 5
07/14/2017 02:09:38 updates[ 10953] train loss[3.55653] remaining[1:07:23]
07/14/2017 02:10:06 updates[ 10973] train loss[3.55508] remaining[1:03:33]
07/14/2017 02:10:35 updates[ 10993] train loss[3.55399] remaining[1:04:04]
07/14/2017 02:11:03 updates[ 11013] train loss[3.55274] remaining[1:02:52]
07/14/2017 02:11:36 updates[ 11033] train loss[3.55126] remaining[1:04:59]
07/14/2017 02:12:14 updates[ 11053] train loss[3.55038] remaining[1:08:18]
07/14/2017 02:12:43 updates[ 11073] train loss[3.54898] remaining[1:07:04]
07/14/2017 02:13:11 updates[ 11093] train loss[3.54721] remaining[1:05:53]
07/14/2017 02:13:38 updates[ 11113] train loss[3.54609] remaining[1:04:25]
07/14/2017 02:14:13 updates[ 11133] train loss[3.54453] remaining[1:04:58]
07/14/2017 02:14:43 updates[ 11153] train loss[3.54321] remaining[1:04:32]
07/14/2017 02:15:12 updates[ 11173] train loss[3.54216] remaining[1:03:35]
07/14/2017 02:15:44 updates[ 11193] train loss[3.54084] remaining[1:03:27]
07/14/2017 02:16:15 updates[ 11213] train loss[3.53933] remaining[1:03:04]
07/14/2017 02:16:46 updates[ 11233] train loss[3.53791] remaining[1:02:31]
07/14/2017 02:17:15 updates[ 11253] train loss[3.53660] remaining[1:01:54]
07/14/2017 02:17:47 updates[ 11273] train loss[3.53521] remaining[1:01:35]
07/14/2017 02:18:18 updates[ 11293] train loss[3.53422] remaining[1:01:05]
07/14/2017 02:18:47 updates[ 11313] train loss[3.53284] remaining[1:00:25]
07/14/2017 02:19:20 updates[ 11333] train loss[3.53152] remaining[1:00:10]
07/14/2017 02:19:53 updates[ 11353] train loss[3.53079] remaining[0:59:54]
07/14/2017 02:20:26 updates[ 11373] train loss[3.52965] remaining[0:59:35]
07/14/2017 02:20:59 updates[ 11393] train loss[3.52837] remaining[0:59:11]
07/14/2017 02:21:28 updates[ 11413] train loss[3.52666] remaining[0:58:32]
07/14/2017 02:22:02 updates[ 11433] train loss[3.52553] remaining[0:58:15]
07/14/2017 02:22:30 updates[ 11453] train loss[3.52418] remaining[0:57:34]
07/14/2017 02:23:00 updates[ 11473] train loss[3.52330] remaining[0:56:56]
07/14/2017 02:23:27 updates[ 11493] train loss[3.52166] remaining[0:56:10]
07/14/2017 02:23:54 updates[ 11513] train loss[3.52016] remaining[0:55:28]
07/14/2017 02:24:23 updates[ 11533] train loss[3.51870] remaining[0:54:51]
07/14/2017 02:24:53 updates[ 11553] train loss[3.51740] remaining[0:54:17]
07/14/2017 02:25:24 updates[ 11573] train loss[3.51600] remaining[0:53:50]
07/14/2017 02:25:55 updates[ 11593] train loss[3.51483] remaining[0:53:19]
07/14/2017 02:26:27 updates[ 11613] train loss[3.51407] remaining[0:52:54]
07/14/2017 02:26:56 updates[ 11633] train loss[3.51279] remaining[0:52:20]
07/14/2017 02:27:27 updates[ 11653] train loss[3.51129] remaining[0:51:49]
07/14/2017 02:27:55 updates[ 11673] train loss[3.50993] remaining[0:51:13]
07/14/2017 02:28:25 updates[ 11693] train loss[3.50850] remaining[0:50:40]
07/14/2017 02:28:56 updates[ 11713] train loss[3.50759] remaining[0:50:11]
07/14/2017 02:29:22 updates[ 11733] train loss[3.50607] remaining[0:49:31]
07/14/2017 02:29:51 updates[ 11753] train loss[3.50503] remaining[0:48:55]
07/14/2017 02:30:21 updates[ 11773] train loss[3.50370] remaining[0:48:24]
07/14/2017 02:30:52 updates[ 11793] train loss[3.50241] remaining[0:47:56]
07/14/2017 02:31:20 updates[ 11813] train loss[3.50089] remaining[0:47:22]
07/14/2017 02:31:50 updates[ 11833] train loss[3.49969] remaining[0:46:49]
07/14/2017 02:32:23 updates[ 11853] train loss[3.49843] remaining[0:46:25]
07/14/2017 02:32:54 updates[ 11873] train loss[3.49754] remaining[0:45:56]
07/14/2017 02:33:29 updates[ 11893] train loss[3.49665] remaining[0:45:35]
07/14/2017 02:33:58 updates[ 11913] train loss[3.49545] remaining[0:45:02]
07/14/2017 02:34:28 updates[ 11933] train loss[3.49387] remaining[0:44:31]
07/14/2017 02:34:57 updates[ 11953] train loss[3.49241] remaining[0:43:57]
07/14/2017 02:35:24 updates[ 11973] train loss[3.49141] remaining[0:43:22]
07/14/2017 02:35:52 updates[ 11993] train loss[3.49033] remaining[0:42:48]
07/14/2017 02:36:24 updates[ 12013] train loss[3.48944] remaining[0:42:19]
07/14/2017 02:36:52 updates[ 12033] train loss[3.48800] remaining[0:41:47]
07/14/2017 02:37:20 updates[ 12053] train loss[3.48701] remaining[0:41:13]
07/14/2017 02:37:49 updates[ 12073] train loss[3.48591] remaining[0:40:41]
07/14/2017 02:38:18 updates[ 12093] train loss[3.48488] remaining[0:40:08]
07/14/2017 02:38:46 updates[ 12113] train loss[3.48343] remaining[0:39:35]
07/14/2017 02:39:15 updates[ 12133] train loss[3.48249] remaining[0:39:04]
07/14/2017 02:39:44 updates[ 12153] train loss[3.48099] remaining[0:38:33]
07/14/2017 02:40:13 updates[ 12173] train loss[3.47965] remaining[0:38:02]
07/14/2017 02:40:41 updates[ 12193] train loss[3.47882] remaining[0:37:28]
07/14/2017 02:41:10 updates[ 12213] train loss[3.47791] remaining[0:36:58]
07/14/2017 02:41:40 updates[ 12233] train loss[3.47675] remaining[0:36:27]
07/14/2017 02:42:09 updates[ 12253] train loss[3.47587] remaining[0:35:56]
07/14/2017 02:42:40 updates[ 12273] train loss[3.47457] remaining[0:35:27]
07/14/2017 02:43:08 updates[ 12293] train loss[3.47359] remaining[0:34:55]
07/14/2017 02:43:37 updates[ 12313] train loss[3.47246] remaining[0:34:23]
07/14/2017 02:44:07 updates[ 12333] train loss[3.47119] remaining[0:33:54]
07/14/2017 02:44:35 updates[ 12353] train loss[3.47023] remaining[0:33:22]
07/14/2017 02:45:03 updates[ 12373] train loss[3.46955] remaining[0:32:50]
07/14/2017 02:45:31 updates[ 12393] train loss[3.46863] remaining[0:32:19]
07/14/2017 02:46:06 updates[ 12413] train loss[3.46771] remaining[0:31:53]
07/14/2017 02:46:42 updates[ 12433] train loss[3.46648] remaining[0:31:28]
07/14/2017 02:47:22 updates[ 12453] train loss[3.46561] remaining[0:31:06]
07/14/2017 02:47:55 updates[ 12473] train loss[3.46456] remaining[0:30:39]
07/14/2017 02:48:32 updates[ 12493] train loss[3.46328] remaining[0:30:13]
07/14/2017 02:49:05 updates[ 12513] train loss[3.46194] remaining[0:29:45]
07/14/2017 02:49:46 updates[ 12533] train loss[3.46118] remaining[0:29:23]
07/14/2017 02:50:21 updates[ 12553] train loss[3.45998] remaining[0:28:56]
07/14/2017 02:50:59 updates[ 12573] train loss[3.45872] remaining[0:28:30]
07/14/2017 02:51:33 updates[ 12593] train loss[3.45738] remaining[0:28:01]
07/14/2017 02:52:09 updates[ 12613] train loss[3.45613] remaining[0:27:34]
07/14/2017 02:52:44 updates[ 12633] train loss[3.45533] remaining[0:27:06]
07/14/2017 02:53:16 updates[ 12653] train loss[3.45439] remaining[0:26:36]
07/14/2017 02:53:46 updates[ 12673] train loss[3.45312] remaining[0:26:05]
07/14/2017 02:54:14 updates[ 12693] train loss[3.45188] remaining[0:25:33]
07/14/2017 02:54:44 updates[ 12713] train loss[3.45067] remaining[0:25:01]
07/14/2017 02:55:12 updates[ 12733] train loss[3.44982] remaining[0:24:29]
07/14/2017 02:55:41 updates[ 12753] train loss[3.44890] remaining[0:23:58]
